180830 22:53:25 [Note] InnoDB: innodb_empty_free_list_algorithm has been changed to legacy because of small buffer pool size. In order to use backoff, increase buffer pool at least up to 20MB.

180830 22:53:25 [Note] InnoDB: Using mutexes to ref count buffer pool pages
180830 22:53:25 [Note] InnoDB: The InnoDB memory heap is disabled
180830 22:53:25 [Note] InnoDB: Mutexes and rw_locks use GCC atomic builtins
180830 22:53:25 [Note] InnoDB: GCC builtin __atomic_thread_fence() is used for memory barrier
180830 22:53:25 [Note] InnoDB: Compressed tables use zlib 1.2.8
180830 22:53:25 [Note] InnoDB: Using Linux native AIO
180830 22:53:25 [Note] InnoDB: Using CPU crc32 instructions
180830 22:53:25 [Note] InnoDB: Initializing buffer pool, size = 128.0M
180830 22:53:25 [Note] InnoDB: Completed initialization of buffer pool
180830 22:53:25 [Note] InnoDB: The first specified data file ./ibdata1 did not exist: a new database to be created!
180830 22:53:25 [Note] InnoDB: Setting file ./ibdata1 size to 12 MB
180830 22:53:25 [Note] InnoDB: Database physically writes the file full: wait...
180830 22:53:25 [Note] InnoDB: Setting log file ./ib_logfile101 size to 48 MB
180830 22:53:25 [Note] InnoDB: Setting log file ./ib_logfile1 size to 48 MB
180830 22:53:26 [Note] InnoDB: Renaming log file ./ib_logfile101 to ./ib_logfile0
180830 22:53:26 [Warning] InnoDB: New log files created, LSN=45781
180830 22:53:26 [Note] InnoDB: Doublewrite buffer not found: creating new
180830 22:53:26 [Note] InnoDB: Doublewrite buffer created
180830 22:53:26 [Note] InnoDB: 128 rollback segment(s) are active.
180830 22:53:26 [Warning] InnoDB: Creating foreign key constraint system tables.
180830 22:53:26 [Note] InnoDB: Foreign key constraint system tables created
180830 22:53:26 [Note] InnoDB: Creating tablespace and datafile system tables.
180830 22:53:26 [Note] InnoDB: Tablespace and datafile system tables created.
180830 22:53:26 [Note] InnoDB: Waiting for purge to start
180830 22:53:26 [Note] InnoDB:  Percona XtraDB (http://www.percona.com) 5.6.39-83.1 started; log sequence number 0
180830 22:53:26 [Warning] Failed to load slave replication state from table mysql.gtid_slave_pos: 1146: Table 'mysql.gtid_slave_pos' doesn't exist
180830 22:53:26 [Note] InnoDB: FTS optimize thread exiting.
180830 22:53:26 [Note] InnoDB: Starting shutdown...
180830 22:53:27 [Note] InnoDB: Waiting for page_cleaner to finish flushing of buffer pool
180830 22:53:29 [Note] InnoDB: Shutdown completed; log sequence number 1616697
180830 22:53:29 [Note] InnoDB: innodb_empty_free_list_algorithm has been changed to legacy because of small buffer pool size. In order to use backoff, increase buffer pool at least up to 20MB.

180830 22:53:29 [Note] InnoDB: Using mutexes to ref count buffer pool pages
180830 22:53:29 [Note] InnoDB: The InnoDB memory heap is disabled
180830 22:53:29 [Note] InnoDB: Mutexes and rw_locks use GCC atomic builtins
180830 22:53:29 [Note] InnoDB: GCC builtin __atomic_thread_fence() is used for memory barrier
180830 22:53:29 [Note] InnoDB: Compressed tables use zlib 1.2.8
180830 22:53:29 [Note] InnoDB: Using Linux native AIO
180830 22:53:29 [Note] InnoDB: Using CPU crc32 instructions
180830 22:53:29 [Note] InnoDB: Initializing buffer pool, size = 128.0M
180830 22:53:29 [Note] InnoDB: Completed initialization of buffer pool
180830 22:53:29 [Note] InnoDB: Highest supported file format is Barracuda.
180830 22:53:29 [Note] InnoDB: 128 rollback segment(s) are active.
180830 22:53:29 [Note] InnoDB: Waiting for purge to start
180830 22:53:29 [Note] InnoDB:  Percona XtraDB (http://www.percona.com) 5.6.39-83.1 started; log sequence number 1616697
180830 22:53:29 [Note] InnoDB: FTS optimize thread exiting.
180830 22:53:29 [Note] InnoDB: Starting shutdown...
180830 22:53:30 [Note] InnoDB: Waiting for page_cleaner to finish flushing of buffer pool
180830 22:53:32 [Note] InnoDB: Shutdown completed; log sequence number 1616707
180830 22:55:40 [Note] InnoDB: innodb_empty_free_list_algorithm has been changed to legacy because of small buffer pool size. In order to use backoff, increase buffer pool at least up to 20MB.

180830 22:55:40 [Note] InnoDB: Using mutexes to ref count buffer pool pages
180830 22:55:40 [Note] InnoDB: The InnoDB memory heap is disabled
180830 22:55:40 [Note] InnoDB: Mutexes and rw_locks use GCC atomic builtins
180830 22:55:40 [Note] InnoDB: GCC builtin __atomic_thread_fence() is used for memory barrier
180830 22:55:40 [Note] InnoDB: Compressed tables use zlib 1.2.8
180830 22:55:40 [Note] InnoDB: Using Linux native AIO
180830 22:55:40 [Note] InnoDB: Using CPU crc32 instructions
180830 22:55:40 [Note] InnoDB: Initializing buffer pool, size = 128.0M
180830 22:55:40 [Note] InnoDB: Completed initialization of buffer pool
180830 22:55:40 [Note] InnoDB: The first specified data file ./ibdata1 did not exist: a new database to be created!
180830 22:55:40 [Note] InnoDB: Setting file ./ibdata1 size to 12 MB
180830 22:55:40 [Note] InnoDB: Database physically writes the file full: wait...
180830 22:55:40 [Note] InnoDB: Setting log file ./ib_logfile101 size to 48 MB
180830 22:55:40 [Note] InnoDB: Setting log file ./ib_logfile1 size to 48 MB
180830 22:55:41 [Note] InnoDB: Renaming log file ./ib_logfile101 to ./ib_logfile0
180830 22:55:41 [Warning] InnoDB: New log files created, LSN=45781
180830 22:55:41 [Note] InnoDB: Doublewrite buffer not found: creating new
180830 22:55:41 [Note] InnoDB: Doublewrite buffer created
180830 22:55:41 [Note] InnoDB: 128 rollback segment(s) are active.
180830 22:55:41 [Warning] InnoDB: Creating foreign key constraint system tables.
180830 22:55:41 [Note] InnoDB: Foreign key constraint system tables created
180830 22:55:41 [Note] InnoDB: Creating tablespace and datafile system tables.
180830 22:55:41 [Note] InnoDB: Tablespace and datafile system tables created.
180830 22:55:41 [Note] InnoDB: Waiting for purge to start
180830 22:55:41 [Note] InnoDB:  Percona XtraDB (http://www.percona.com) 5.6.39-83.1 started; log sequence number 0
180830 22:55:41 [Warning] Failed to load slave replication state from table mysql.gtid_slave_pos: 1146: Table 'mysql.gtid_slave_pos' doesn't exist
180830 22:55:41 [Note] InnoDB: FTS optimize thread exiting.
180830 22:55:41 [Note] InnoDB: Starting shutdown...
180830 22:55:42 [Note] InnoDB: Waiting for page_cleaner to finish flushing of buffer pool
180830 22:55:44 [Note] InnoDB: Shutdown completed; log sequence number 1616697
180830 22:55:44 [Note] InnoDB: innodb_empty_free_list_algorithm has been changed to legacy because of small buffer pool size. In order to use backoff, increase buffer pool at least up to 20MB.

180830 22:55:44 [Note] InnoDB: Using mutexes to ref count buffer pool pages
180830 22:55:44 [Note] InnoDB: The InnoDB memory heap is disabled
180830 22:55:44 [Note] InnoDB: Mutexes and rw_locks use GCC atomic builtins
180830 22:55:44 [Note] InnoDB: GCC builtin __atomic_thread_fence() is used for memory barrier
180830 22:55:44 [Note] InnoDB: Compressed tables use zlib 1.2.8
180830 22:55:44 [Note] InnoDB: Using Linux native AIO
180830 22:55:44 [Note] InnoDB: Using CPU crc32 instructions
180830 22:55:44 [Note] InnoDB: Initializing buffer pool, size = 128.0M
180830 22:55:44 [Note] InnoDB: Completed initialization of buffer pool
180830 22:55:44 [Note] InnoDB: Highest supported file format is Barracuda.
180830 22:55:44 [Note] InnoDB: 128 rollback segment(s) are active.
180830 22:55:44 [Note] InnoDB: Waiting for purge to start
180830 22:55:44 [Note] InnoDB:  Percona XtraDB (http://www.percona.com) 5.6.39-83.1 started; log sequence number 1616697
180830 22:55:44 [Note] InnoDB: FTS optimize thread exiting.
180830 22:55:44 [Note] InnoDB: Starting shutdown...
180830 22:55:45 [Note] InnoDB: Waiting for page_cleaner to finish flushing of buffer pool
180830 22:55:47 [Note] InnoDB: Shutdown completed; log sequence number 1616707
180831  8:53:16 [Note] InnoDB: innodb_empty_free_list_algorithm has been changed to legacy because of small buffer pool size. In order to use backoff, increase buffer pool at least up to 20MB.

180831  8:53:16 [Note] InnoDB: Using mutexes to ref count buffer pool pages
180831  8:53:16 [Note] InnoDB: The InnoDB memory heap is disabled
180831  8:53:16 [Note] InnoDB: Mutexes and rw_locks use GCC atomic builtins
180831  8:53:16 [Note] InnoDB: GCC builtin __atomic_thread_fence() is used for memory barrier
180831  8:53:16 [Note] InnoDB: Compressed tables use zlib 1.2.8
180831  8:53:16 [Note] InnoDB: Using Linux native AIO
180831  8:53:16 [Note] InnoDB: Using CPU crc32 instructions
180831  8:53:16 [Note] InnoDB: Initializing buffer pool, size = 128.0M
180831  8:53:16 [Note] InnoDB: Completed initialization of buffer pool
180831  8:53:16 [Note] InnoDB: The first specified data file ./ibdata1 did not exist: a new database to be created!
180831  8:53:16 [Note] InnoDB: Setting file ./ibdata1 size to 12 MB
180831  8:53:16 [Note] InnoDB: Database physically writes the file full: wait...
180831  8:53:16 [Note] InnoDB: Setting log file ./ib_logfile101 size to 48 MB
180831  8:53:16 [Note] InnoDB: Setting log file ./ib_logfile1 size to 48 MB
180831  8:53:17 [Note] InnoDB: Renaming log file ./ib_logfile101 to ./ib_logfile0
180831  8:53:17 [Warning] InnoDB: New log files created, LSN=45781
180831  8:53:17 [Note] InnoDB: Doublewrite buffer not found: creating new
180831  8:53:17 [Note] InnoDB: Doublewrite buffer created
180831  8:53:17 [Note] InnoDB: 128 rollback segment(s) are active.
180831  8:53:17 [Warning] InnoDB: Creating foreign key constraint system tables.
180831  8:53:17 [Note] InnoDB: Foreign key constraint system tables created
180831  8:53:17 [Note] InnoDB: Creating tablespace and datafile system tables.
180831  8:53:17 [Note] InnoDB: Tablespace and datafile system tables created.
180831  8:53:17 [Note] InnoDB: Waiting for purge to start
180831  8:53:17 [Note] InnoDB:  Percona XtraDB (http://www.percona.com) 5.6.39-83.1 started; log sequence number 0
180831  8:53:17 [Note] Recovering after a crash using /var/log/mysql/mysql-bin
180831  8:53:17 [Note] Starting crash recovery...
180831  8:53:17 [Note] Crash recovery finished.
180831  8:53:17 [Warning] Failed to load slave replication state from table mysql.gtid_slave_pos: 1146: Table 'mysql.gtid_slave_pos' doesn't exist
180831  8:53:17 [Note] InnoDB: FTS optimize thread exiting.
180831  8:53:17 [Note] InnoDB: Starting shutdown...
180831  8:53:18 [Note] InnoDB: Waiting for page_cleaner to finish flushing of buffer pool
180831  8:53:20 [Note] InnoDB: Shutdown completed; log sequence number 1616697
180831  8:53:20 [Note] InnoDB: innodb_empty_free_list_algorithm has been changed to legacy because of small buffer pool size. In order to use backoff, increase buffer pool at least up to 20MB.

180831  8:53:20 [Note] InnoDB: Using mutexes to ref count buffer pool pages
180831  8:53:20 [Note] InnoDB: The InnoDB memory heap is disabled
180831  8:53:20 [Note] InnoDB: Mutexes and rw_locks use GCC atomic builtins
180831  8:53:20 [Note] InnoDB: GCC builtin __atomic_thread_fence() is used for memory barrier
180831  8:53:20 [Note] InnoDB: Compressed tables use zlib 1.2.8
180831  8:53:20 [Note] InnoDB: Using Linux native AIO
180831  8:53:20 [Note] InnoDB: Using CPU crc32 instructions
180831  8:53:20 [Note] InnoDB: Initializing buffer pool, size = 128.0M
180831  8:53:20 [Note] InnoDB: Completed initialization of buffer pool
180831  8:53:20 [Note] InnoDB: Highest supported file format is Barracuda.
180831  8:53:20 [Note] InnoDB: 128 rollback segment(s) are active.
180831  8:53:20 [Note] InnoDB: Waiting for purge to start
180831  8:53:20 [Note] InnoDB:  Percona XtraDB (http://www.percona.com) 5.6.39-83.1 started; log sequence number 1616697
180831  8:53:20 [Note] InnoDB: FTS optimize thread exiting.
180831  8:53:20 [Note] InnoDB: Starting shutdown...
180831  8:53:21 [Note] InnoDB: Waiting for page_cleaner to finish flushing of buffer pool
180831  8:53:22 [Note] InnoDB: Shutdown completed; log sequence number 1616707
