07-Feb-2019 10:30:00.344 INFO [main] org.apache.catalina.startup.VersionLoggerListener.log Server version: Apache Tomcat/8.0.14 (Debian)
07-Feb-2019 10:30:00.354 INFO [main] org.apache.catalina.startup.VersionLoggerListener.log Server built:   Oct 15 2018 03:14:37
07-Feb-2019 10:30:00.357 INFO [main] org.apache.catalina.startup.VersionLoggerListener.log Server number:  8.0.14.0
07-Feb-2019 10:30:00.359 INFO [main] org.apache.catalina.startup.VersionLoggerListener.log OS Name:        Linux
07-Feb-2019 10:30:00.362 INFO [main] org.apache.catalina.startup.VersionLoggerListener.log OS Version:     4.4.0-141-generic
07-Feb-2019 10:30:00.363 INFO [main] org.apache.catalina.startup.VersionLoggerListener.log Architecture:   amd64
07-Feb-2019 10:30:00.365 INFO [main] org.apache.catalina.startup.VersionLoggerListener.log JVM Version:    1.8.0_171-8u171-b11-1~bpo8+1-b11
07-Feb-2019 10:30:00.367 INFO [main] org.apache.catalina.startup.VersionLoggerListener.log JVM Vendor:     Oracle Corporation
07-Feb-2019 10:30:01.573 INFO [main] org.apache.coyote.AbstractProtocol.init Initializing ProtocolHandler ["http-nio-8080"]
07-Feb-2019 10:30:01.625 INFO [main] org.apache.tomcat.util.net.NioSelectorPool.getSharedSelector Using a shared selector for servlet write/read
07-Feb-2019 10:30:01.632 INFO [main] org.apache.catalina.startup.Catalina.load Initialization processed in 1518 ms
07-Feb-2019 10:30:01.715 INFO [main] org.apache.catalina.core.StandardService.startInternal Starting service Catalina
07-Feb-2019 10:30:01.717 INFO [main] org.apache.catalina.core.StandardEngine.startInternal Starting Servlet Engine: Apache Tomcat/8.0.14 (Debian)
07-Feb-2019 10:30:01.741 INFO [localhost-startStop-1] org.apache.catalina.startup.HostConfig.deployDirectory Deploying web application directory /var/lib/tomcat8/webapps/ROOT
07-Feb-2019 10:30:06.056 SEVERE [localhost-startStop-1] org.apache.tomcat.jdbc.pool.ConnectionPool.init Unable to create initial connections of pool.
 java.sql.SQLException: For input string: "@DB_PORT"
	at org.mariadb.jdbc.UrlParser.parseInternal(UrlParser.java:208)
	at org.mariadb.jdbc.UrlParser.parse(UrlParser.java:149)
	at org.mariadb.jdbc.Driver.connect(Driver.java:95)
	at org.apache.tomcat.jdbc.pool.PooledConnection.connectUsingDriver(PooledConnection.java:307)
	at org.apache.tomcat.jdbc.pool.PooledConnection.connect(PooledConnection.java:200)
	at org.apache.tomcat.jdbc.pool.ConnectionPool.createConnection(ConnectionPool.java:699)
	at org.apache.tomcat.jdbc.pool.ConnectionPool.borrowConnection(ConnectionPool.java:633)
	at org.apache.tomcat.jdbc.pool.ConnectionPool.init(ConnectionPool.java:484)
	at org.apache.tomcat.jdbc.pool.ConnectionPool.<init>(ConnectionPool.java:142)
	at org.apache.tomcat.jdbc.pool.DataSourceProxy.pCreatePool(DataSourceProxy.java:115)
	at org.apache.tomcat.jdbc.pool.DataSourceProxy.createPool(DataSourceProxy.java:102)
	at org.apache.tomcat.jdbc.pool.DataSourceFactory.createDataSource(DataSourceFactory.java:553)
	at org.apache.tomcat.jdbc.pool.DataSourceFactory.getObjectInstance(DataSourceFactory.java:241)
	at org.apache.naming.factory.FactoryBase.getObjectInstance(FactoryBase.java:94)
	at javax.naming.spi.NamingManager.getObjectInstance(NamingManager.java:321)
	at org.apache.naming.NamingContext.lookup(NamingContext.java:841)
	at org.apache.naming.NamingContext.lookup(NamingContext.java:152)
	at org.apache.naming.NamingContext.lookup(NamingContext.java:829)
	at org.apache.naming.NamingContext.lookup(NamingContext.java:166)
	at org.apache.catalina.core.NamingContextListener.addResource(NamingContextListener.java:1091)
	at org.apache.catalina.core.NamingContextListener.createNamingContext(NamingContextListener.java:670)
	at org.apache.catalina.core.NamingContextListener.lifecycleEvent(NamingContextListener.java:258)
	at org.apache.catalina.util.LifecycleSupport.fireLifecycleEvent(LifecycleSupport.java:117)
	at org.apache.catalina.util.LifecycleBase.fireLifecycleEvent(LifecycleBase.java:90)
	at org.apache.catalina.core.StandardContext.startInternal(StandardContext.java:5164)
	at org.apache.catalina.util.LifecycleBase.start(LifecycleBase.java:150)
	at org.apache.catalina.core.ContainerBase.addChildInternal(ContainerBase.java:724)
	at org.apache.catalina.core.ContainerBase.addChild(ContainerBase.java:700)
	at org.apache.catalina.core.StandardHost.addChild(StandardHost.java:714)
	at org.apache.catalina.startup.HostConfig.deployDirectory(HostConfig.java:1071)
	at org.apache.catalina.startup.HostConfig$DeployDirectory.run(HostConfig.java:1721)
	at java.util.concurrent.Executors$RunnableAdapter.call(Executors.java:511)
	at java.util.concurrent.FutureTask.run(FutureTask.java:266)
	at java.util.concurrent.ThreadPoolExecutor.runWorker(ThreadPoolExecutor.java:1149)
	at java.util.concurrent.ThreadPoolExecutor$Worker.run(ThreadPoolExecutor.java:624)
	at java.lang.Thread.run(Thread.java:748)

07-Feb-2019 10:30:06.077 WARNING [localhost-startStop-1] org.apache.naming.NamingContext.lookup Unexpected exception resolving reference
 java.sql.SQLException: For input string: "@DB_PORT"
	at org.mariadb.jdbc.UrlParser.parseInternal(UrlParser.java:208)
	at org.mariadb.jdbc.UrlParser.parse(UrlParser.java:149)
	at org.mariadb.jdbc.Driver.connect(Driver.java:95)
	at org.apache.tomcat.jdbc.pool.PooledConnection.connectUsingDriver(PooledConnection.java:307)
	at org.apache.tomcat.jdbc.pool.PooledConnection.connect(PooledConnection.java:200)
	at org.apache.tomcat.jdbc.pool.ConnectionPool.createConnection(ConnectionPool.java:699)
	at org.apache.tomcat.jdbc.pool.ConnectionPool.borrowConnection(ConnectionPool.java:633)
	at org.apache.tomcat.jdbc.pool.ConnectionPool.init(ConnectionPool.java:484)
	at org.apache.tomcat.jdbc.pool.ConnectionPool.<init>(ConnectionPool.java:142)
	at org.apache.tomcat.jdbc.pool.DataSourceProxy.pCreatePool(DataSourceProxy.java:115)
	at org.apache.tomcat.jdbc.pool.DataSourceProxy.createPool(DataSourceProxy.java:102)
	at org.apache.tomcat.jdbc.pool.DataSourceFactory.createDataSource(DataSourceFactory.java:553)
	at org.apache.tomcat.jdbc.pool.DataSourceFactory.getObjectInstance(DataSourceFactory.java:241)
	at org.apache.naming.factory.FactoryBase.getObjectInstance(FactoryBase.java:94)
	at javax.naming.spi.NamingManager.getObjectInstance(NamingManager.java:321)
	at org.apache.naming.NamingContext.lookup(NamingContext.java:841)
	at org.apache.naming.NamingContext.lookup(NamingContext.java:152)
	at org.apache.naming.NamingContext.lookup(NamingContext.java:829)
	at org.apache.naming.NamingContext.lookup(NamingContext.java:166)
	at org.apache.catalina.core.NamingContextListener.addResource(NamingContextListener.java:1091)
	at org.apache.catalina.core.NamingContextListener.createNamingContext(NamingContextListener.java:670)
	at org.apache.catalina.core.NamingContextListener.lifecycleEvent(NamingContextListener.java:258)
	at org.apache.catalina.util.LifecycleSupport.fireLifecycleEvent(LifecycleSupport.java:117)
	at org.apache.catalina.util.LifecycleBase.fireLifecycleEvent(LifecycleBase.java:90)
	at org.apache.catalina.core.StandardContext.startInternal(StandardContext.java:5164)
	at org.apache.catalina.util.LifecycleBase.start(LifecycleBase.java:150)
	at org.apache.catalina.core.ContainerBase.addChildInternal(ContainerBase.java:724)
	at org.apache.catalina.core.ContainerBase.addChild(ContainerBase.java:700)
	at org.apache.catalina.core.StandardHost.addChild(StandardHost.java:714)
	at org.apache.catalina.startup.HostConfig.deployDirectory(HostConfig.java:1071)
	at org.apache.catalina.startup.HostConfig$DeployDirectory.run(HostConfig.java:1721)
	at java.util.concurrent.Executors$RunnableAdapter.call(Executors.java:511)
	at java.util.concurrent.FutureTask.run(FutureTask.java:266)
	at java.util.concurrent.ThreadPoolExecutor.runWorker(ThreadPoolExecutor.java:1149)
	at java.util.concurrent.ThreadPoolExecutor$Worker.run(ThreadPoolExecutor.java:624)
	at java.lang.Thread.run(Thread.java:748)

07-Feb-2019 10:30:06.080 WARNING [localhost-startStop-1] org.apache.catalina.core.NamingContextListener.addResource Failed to register in JMX: javax.naming.NamingException: For input string: "@DB_PORT"
07-Feb-2019 10:30:09.475 INFO [localhost-startStop-1] org.apache.catalina.startup.HostConfig.deployDirectory Deployment of web application directory /var/lib/tomcat8/webapps/ROOT has finished in 7,726 ms
07-Feb-2019 10:30:09.477 INFO [localhost-startStop-1] org.apache.catalina.startup.HostConfig.deployDirectory Deploying web application directory /var/lib/tomcat8/webapps/old_ROOT
07-Feb-2019 10:30:10.026 INFO [localhost-startStop-1] org.apache.jasper.servlet.TldScanner.scanJars At least one JAR was scanned for TLDs yet contained no TLDs. Enable debug logging for this logger for a complete list of JARs that were scanned but no TLDs were found in them. Skipping unneeded JARs during scanning can improve startup time and JSP compilation time.
07-Feb-2019 10:30:10.032 INFO [localhost-startStop-1] org.apache.catalina.startup.HostConfig.deployDirectory Deployment of web application directory /var/lib/tomcat8/webapps/old_ROOT has finished in 555 ms
07-Feb-2019 10:30:10.044 INFO [main] org.apache.coyote.AbstractProtocol.start Starting ProtocolHandler ["http-nio-8080"]
07-Feb-2019 10:30:10.056 INFO [main] org.apache.catalina.startup.Catalina.start Server startup in 8422 ms
07-Feb-2019 10:32:38.577 INFO [main] org.apache.catalina.startup.VersionLoggerListener.log Server version: Apache Tomcat/8.0.14 (Debian)
07-Feb-2019 10:32:38.586 INFO [main] org.apache.catalina.startup.VersionLoggerListener.log Server built:   Oct 15 2018 03:14:37
07-Feb-2019 10:32:38.588 INFO [main] org.apache.catalina.startup.VersionLoggerListener.log Server number:  8.0.14.0
07-Feb-2019 10:32:38.591 INFO [main] org.apache.catalina.startup.VersionLoggerListener.log OS Name:        Linux
07-Feb-2019 10:32:38.593 INFO [main] org.apache.catalina.startup.VersionLoggerListener.log OS Version:     4.4.0-141-generic
07-Feb-2019 10:32:38.594 INFO [main] org.apache.catalina.startup.VersionLoggerListener.log Architecture:   amd64
07-Feb-2019 10:32:38.596 INFO [main] org.apache.catalina.startup.VersionLoggerListener.log JVM Version:    1.8.0_171-8u171-b11-1~bpo8+1-b11
07-Feb-2019 10:32:38.598 INFO [main] org.apache.catalina.startup.VersionLoggerListener.log JVM Vendor:     Oracle Corporation
07-Feb-2019 10:32:39.424 INFO [main] org.apache.coyote.AbstractProtocol.init Initializing ProtocolHandler ["http-nio-8080"]
07-Feb-2019 10:32:39.463 INFO [main] org.apache.tomcat.util.net.NioSelectorPool.getSharedSelector Using a shared selector for servlet write/read
07-Feb-2019 10:32:39.469 INFO [main] org.apache.catalina.startup.Catalina.load Initialization processed in 1068 ms
07-Feb-2019 10:32:39.508 INFO [main] org.apache.catalina.core.StandardService.startInternal Starting service Catalina
07-Feb-2019 10:32:39.510 INFO [main] org.apache.catalina.core.StandardEngine.startInternal Starting Servlet Engine: Apache Tomcat/8.0.14 (Debian)
07-Feb-2019 10:32:39.525 INFO [localhost-startStop-1] org.apache.catalina.startup.HostConfig.deployDirectory Deploying web application directory /var/lib/tomcat8/webapps/ROOT
07-Feb-2019 10:32:43.658 SEVERE [localhost-startStop-1] org.apache.tomcat.jdbc.pool.ConnectionPool.init Unable to create initial connections of pool.
 java.sql.SQLException: For input string: "@DB_PORT"
	at org.mariadb.jdbc.UrlParser.parseInternal(UrlParser.java:208)
	at org.mariadb.jdbc.UrlParser.parse(UrlParser.java:149)
	at org.mariadb.jdbc.Driver.connect(Driver.java:95)
	at org.apache.tomcat.jdbc.pool.PooledConnection.connectUsingDriver(PooledConnection.java:307)
	at org.apache.tomcat.jdbc.pool.PooledConnection.connect(PooledConnection.java:200)
	at org.apache.tomcat.jdbc.pool.ConnectionPool.createConnection(ConnectionPool.java:699)
	at org.apache.tomcat.jdbc.pool.ConnectionPool.borrowConnection(ConnectionPool.java:633)
	at org.apache.tomcat.jdbc.pool.ConnectionPool.init(ConnectionPool.java:484)
	at org.apache.tomcat.jdbc.pool.ConnectionPool.<init>(ConnectionPool.java:142)
	at org.apache.tomcat.jdbc.pool.DataSourceProxy.pCreatePool(DataSourceProxy.java:115)
	at org.apache.tomcat.jdbc.pool.DataSourceProxy.createPool(DataSourceProxy.java:102)
	at org.apache.tomcat.jdbc.pool.DataSourceFactory.createDataSource(DataSourceFactory.java:553)
	at org.apache.tomcat.jdbc.pool.DataSourceFactory.getObjectInstance(DataSourceFactory.java:241)
	at org.apache.naming.factory.FactoryBase.getObjectInstance(FactoryBase.java:94)
	at javax.naming.spi.NamingManager.getObjectInstance(NamingManager.java:321)
	at org.apache.naming.NamingContext.lookup(NamingContext.java:841)
	at org.apache.naming.NamingContext.lookup(NamingContext.java:152)
	at org.apache.naming.NamingContext.lookup(NamingContext.java:829)
	at org.apache.naming.NamingContext.lookup(NamingContext.java:166)
	at org.apache.catalina.core.NamingContextListener.addResource(NamingContextListener.java:1091)
	at org.apache.catalina.core.NamingContextListener.createNamingContext(NamingContextListener.java:670)
	at org.apache.catalina.core.NamingContextListener.lifecycleEvent(NamingContextListener.java:258)
	at org.apache.catalina.util.LifecycleSupport.fireLifecycleEvent(LifecycleSupport.java:117)
	at org.apache.catalina.util.LifecycleBase.fireLifecycleEvent(LifecycleBase.java:90)
	at org.apache.catalina.core.StandardContext.startInternal(StandardContext.java:5164)
	at org.apache.catalina.util.LifecycleBase.start(LifecycleBase.java:150)
	at org.apache.catalina.core.ContainerBase.addChildInternal(ContainerBase.java:724)
	at org.apache.catalina.core.ContainerBase.addChild(ContainerBase.java:700)
	at org.apache.catalina.core.StandardHost.addChild(StandardHost.java:714)
	at org.apache.catalina.startup.HostConfig.deployDirectory(HostConfig.java:1071)
	at org.apache.catalina.startup.HostConfig$DeployDirectory.run(HostConfig.java:1721)
	at java.util.concurrent.Executors$RunnableAdapter.call(Executors.java:511)
	at java.util.concurrent.FutureTask.run(FutureTask.java:266)
	at java.util.concurrent.ThreadPoolExecutor.runWorker(ThreadPoolExecutor.java:1149)
	at java.util.concurrent.ThreadPoolExecutor$Worker.run(ThreadPoolExecutor.java:624)
	at java.lang.Thread.run(Thread.java:748)

07-Feb-2019 10:32:43.671 WARNING [localhost-startStop-1] org.apache.naming.NamingContext.lookup Unexpected exception resolving reference
 java.sql.SQLException: For input string: "@DB_PORT"
	at org.mariadb.jdbc.UrlParser.parseInternal(UrlParser.java:208)
	at org.mariadb.jdbc.UrlParser.parse(UrlParser.java:149)
	at org.mariadb.jdbc.Driver.connect(Driver.java:95)
	at org.apache.tomcat.jdbc.pool.PooledConnection.connectUsingDriver(PooledConnection.java:307)
	at org.apache.tomcat.jdbc.pool.PooledConnection.connect(PooledConnection.java:200)
	at org.apache.tomcat.jdbc.pool.ConnectionPool.createConnection(ConnectionPool.java:699)
	at org.apache.tomcat.jdbc.pool.ConnectionPool.borrowConnection(ConnectionPool.java:633)
	at org.apache.tomcat.jdbc.pool.ConnectionPool.init(ConnectionPool.java:484)
	at org.apache.tomcat.jdbc.pool.ConnectionPool.<init>(ConnectionPool.java:142)
	at org.apache.tomcat.jdbc.pool.DataSourceProxy.pCreatePool(DataSourceProxy.java:115)
	at org.apache.tomcat.jdbc.pool.DataSourceProxy.createPool(DataSourceProxy.java:102)
	at org.apache.tomcat.jdbc.pool.DataSourceFactory.createDataSource(DataSourceFactory.java:553)
	at org.apache.tomcat.jdbc.pool.DataSourceFactory.getObjectInstance(DataSourceFactory.java:241)
	at org.apache.naming.factory.FactoryBase.getObjectInstance(FactoryBase.java:94)
	at javax.naming.spi.NamingManager.getObjectInstance(NamingManager.java:321)
	at org.apache.naming.NamingContext.lookup(NamingContext.java:841)
	at org.apache.naming.NamingContext.lookup(NamingContext.java:152)
	at org.apache.naming.NamingContext.lookup(NamingContext.java:829)
	at org.apache.naming.NamingContext.lookup(NamingContext.java:166)
	at org.apache.catalina.core.NamingContextListener.addResource(NamingContextListener.java:1091)
	at org.apache.catalina.core.NamingContextListener.createNamingContext(NamingContextListener.java:670)
	at org.apache.catalina.core.NamingContextListener.lifecycleEvent(NamingContextListener.java:258)
	at org.apache.catalina.util.LifecycleSupport.fireLifecycleEvent(LifecycleSupport.java:117)
	at org.apache.catalina.util.LifecycleBase.fireLifecycleEvent(LifecycleBase.java:90)
	at org.apache.catalina.core.StandardContext.startInternal(StandardContext.java:5164)
	at org.apache.catalina.util.LifecycleBase.start(LifecycleBase.java:150)
	at org.apache.catalina.core.ContainerBase.addChildInternal(ContainerBase.java:724)
	at org.apache.catalina.core.ContainerBase.addChild(ContainerBase.java:700)
	at org.apache.catalina.core.StandardHost.addChild(StandardHost.java:714)
	at org.apache.catalina.startup.HostConfig.deployDirectory(HostConfig.java:1071)
	at org.apache.catalina.startup.HostConfig$DeployDirectory.run(HostConfig.java:1721)
	at java.util.concurrent.Executors$RunnableAdapter.call(Executors.java:511)
	at java.util.concurrent.FutureTask.run(FutureTask.java:266)
	at java.util.concurrent.ThreadPoolExecutor.runWorker(ThreadPoolExecutor.java:1149)
	at java.util.concurrent.ThreadPoolExecutor$Worker.run(ThreadPoolExecutor.java:624)
	at java.lang.Thread.run(Thread.java:748)

07-Feb-2019 10:32:43.681 WARNING [localhost-startStop-1] org.apache.catalina.core.NamingContextListener.addResource Failed to register in JMX: javax.naming.NamingException: For input string: "@DB_PORT"
07-Feb-2019 10:32:48.860 INFO [localhost-startStop-1] org.apache.catalina.startup.HostConfig.deployDirectory Deployment of web application directory /var/lib/tomcat8/webapps/ROOT has finished in 9,334 ms
07-Feb-2019 10:32:48.861 INFO [localhost-startStop-1] org.apache.catalina.startup.HostConfig.deployDirectory Deploying web application directory /var/lib/tomcat8/webapps/old_ROOT
07-Feb-2019 10:32:49.435 INFO [localhost-startStop-1] org.apache.jasper.servlet.TldScanner.scanJars At least one JAR was scanned for TLDs yet contained no TLDs. Enable debug logging for this logger for a complete list of JARs that were scanned but no TLDs were found in them. Skipping unneeded JARs during scanning can improve startup time and JSP compilation time.
07-Feb-2019 10:32:49.440 INFO [localhost-startStop-1] org.apache.catalina.startup.HostConfig.deployDirectory Deployment of web application directory /var/lib/tomcat8/webapps/old_ROOT has finished in 579 ms
07-Feb-2019 10:32:49.455 INFO [main] org.apache.coyote.AbstractProtocol.start Starting ProtocolHandler ["http-nio-8080"]
07-Feb-2019 10:32:49.469 INFO [main] org.apache.catalina.startup.Catalina.start Server startup in 9998 ms
07-Feb-2019 10:33:51.745 INFO [main] org.apache.catalina.startup.VersionLoggerListener.log Server version: Apache Tomcat/8.0.14 (Debian)
07-Feb-2019 10:33:51.774 INFO [main] org.apache.catalina.startup.VersionLoggerListener.log Server built:   Oct 15 2018 03:14:37
07-Feb-2019 10:33:51.776 INFO [main] org.apache.catalina.startup.VersionLoggerListener.log Server number:  8.0.14.0
07-Feb-2019 10:33:51.782 INFO [main] org.apache.catalina.startup.VersionLoggerListener.log OS Name:        Linux
07-Feb-2019 10:33:51.784 INFO [main] org.apache.catalina.startup.VersionLoggerListener.log OS Version:     4.4.0-141-generic
07-Feb-2019 10:33:51.787 INFO [main] org.apache.catalina.startup.VersionLoggerListener.log Architecture:   amd64
07-Feb-2019 10:33:51.792 INFO [main] org.apache.catalina.startup.VersionLoggerListener.log JVM Version:    1.8.0_171-8u171-b11-1~bpo8+1-b11
07-Feb-2019 10:33:51.802 INFO [main] org.apache.catalina.startup.VersionLoggerListener.log JVM Vendor:     Oracle Corporation
07-Feb-2019 10:33:52.751 INFO [main] org.apache.coyote.AbstractProtocol.init Initializing ProtocolHandler ["http-nio-8080"]
07-Feb-2019 10:33:52.789 INFO [main] org.apache.tomcat.util.net.NioSelectorPool.getSharedSelector Using a shared selector for servlet write/read
07-Feb-2019 10:33:52.796 INFO [main] org.apache.catalina.startup.Catalina.load Initialization processed in 1303 ms
07-Feb-2019 10:33:52.867 INFO [main] org.apache.catalina.core.StandardService.startInternal Starting service Catalina
07-Feb-2019 10:33:52.869 INFO [main] org.apache.catalina.core.StandardEngine.startInternal Starting Servlet Engine: Apache Tomcat/8.0.14 (Debian)
07-Feb-2019 10:33:52.894 INFO [localhost-startStop-1] org.apache.catalina.startup.HostConfig.deployDirectory Deploying web application directory /var/lib/tomcat8/webapps/ROOT
07-Feb-2019 10:33:56.278 SEVERE [localhost-startStop-1] org.apache.tomcat.jdbc.pool.ConnectionPool.init Unable to create initial connections of pool.
 java.sql.SQLNonTransientConnectionException: Could not connect to address=(host=db_memo)(port=3306)(type=master) : Connection refused (Connection refused)
	at org.mariadb.jdbc.internal.util.ExceptionMapper.get(ExceptionMapper.java:123)
	at org.mariadb.jdbc.internal.util.ExceptionMapper.throwException(ExceptionMapper.java:69)
	at org.mariadb.jdbc.Driver.connect(Driver.java:110)
	at org.apache.tomcat.jdbc.pool.PooledConnection.connectUsingDriver(PooledConnection.java:307)
	at org.apache.tomcat.jdbc.pool.PooledConnection.connect(PooledConnection.java:200)
	at org.apache.tomcat.jdbc.pool.ConnectionPool.createConnection(ConnectionPool.java:699)
	at org.apache.tomcat.jdbc.pool.ConnectionPool.borrowConnection(ConnectionPool.java:633)
	at org.apache.tomcat.jdbc.pool.ConnectionPool.init(ConnectionPool.java:484)
	at org.apache.tomcat.jdbc.pool.ConnectionPool.<init>(ConnectionPool.java:142)
	at org.apache.tomcat.jdbc.pool.DataSourceProxy.pCreatePool(DataSourceProxy.java:115)
	at org.apache.tomcat.jdbc.pool.DataSourceProxy.createPool(DataSourceProxy.java:102)
	at org.apache.tomcat.jdbc.pool.DataSourceFactory.createDataSource(DataSourceFactory.java:553)
	at org.apache.tomcat.jdbc.pool.DataSourceFactory.getObjectInstance(DataSourceFactory.java:241)
	at org.apache.naming.factory.FactoryBase.getObjectInstance(FactoryBase.java:94)
	at javax.naming.spi.NamingManager.getObjectInstance(NamingManager.java:321)
	at org.apache.naming.NamingContext.lookup(NamingContext.java:841)
	at org.apache.naming.NamingContext.lookup(NamingContext.java:152)
	at org.apache.naming.NamingContext.lookup(NamingContext.java:829)
	at org.apache.naming.NamingContext.lookup(NamingContext.java:166)
	at org.apache.catalina.core.NamingContextListener.addResource(NamingContextListener.java:1091)
	at org.apache.catalina.core.NamingContextListener.createNamingContext(NamingContextListener.java:670)
	at org.apache.catalina.core.NamingContextListener.lifecycleEvent(NamingContextListener.java:258)
	at org.apache.catalina.util.LifecycleSupport.fireLifecycleEvent(LifecycleSupport.java:117)
	at org.apache.catalina.util.LifecycleBase.fireLifecycleEvent(LifecycleBase.java:90)
	at org.apache.catalina.core.StandardContext.startInternal(StandardContext.java:5164)
	at org.apache.catalina.util.LifecycleBase.start(LifecycleBase.java:150)
	at org.apache.catalina.core.ContainerBase.addChildInternal(ContainerBase.java:724)
	at org.apache.catalina.core.ContainerBase.addChild(ContainerBase.java:700)
	at org.apache.catalina.core.StandardHost.addChild(StandardHost.java:714)
	at org.apache.catalina.startup.HostConfig.deployDirectory(HostConfig.java:1071)
	at org.apache.catalina.startup.HostConfig$DeployDirectory.run(HostConfig.java:1721)
	at java.util.concurrent.Executors$RunnableAdapter.call(Executors.java:511)
	at java.util.concurrent.FutureTask.run(FutureTask.java:266)
	at java.util.concurrent.ThreadPoolExecutor.runWorker(ThreadPoolExecutor.java:1149)
	at java.util.concurrent.ThreadPoolExecutor$Worker.run(ThreadPoolExecutor.java:624)
	at java.lang.Thread.run(Thread.java:748)
Caused by: org.mariadb.jdbc.internal.util.dao.QueryException: Could not connect to address=(host=db_memo)(port=3306)(type=master) : Connection refused (Connection refused)
	at org.mariadb.jdbc.internal.protocol.AbstractConnectProtocol.connectWithoutProxy(AbstractConnectProtocol.java:708)
	at org.mariadb.jdbc.internal.util.Utils.retrieveProxy(Utils.java:471)
	at org.mariadb.jdbc.Driver.connect(Driver.java:105)
	... 33 more
Caused by: java.net.ConnectException: Connection refused (Connection refused)
	at java.net.PlainSocketImpl.socketConnect(Native Method)
	at java.net.AbstractPlainSocketImpl.doConnect(AbstractPlainSocketImpl.java:350)
	at java.net.AbstractPlainSocketImpl.connectToAddress(AbstractPlainSocketImpl.java:206)
	at java.net.AbstractPlainSocketImpl.connect(AbstractPlainSocketImpl.java:188)
	at java.net.SocksSocketImpl.connect(SocksSocketImpl.java:392)
	at java.net.Socket.connect(Socket.java:589)
	at java.net.Socket.connect(Socket.java:538)
	at org.mariadb.jdbc.internal.protocol.AbstractConnectProtocol.connect(AbstractConnectProtocol.java:350)
	at org.mariadb.jdbc.internal.protocol.AbstractConnectProtocol.connectWithoutProxy(AbstractConnectProtocol.java:703)
	... 35 more

07-Feb-2019 10:33:56.293 WARNING [localhost-startStop-1] org.apache.naming.NamingContext.lookup Unexpected exception resolving reference
 java.sql.SQLNonTransientConnectionException: Could not connect to address=(host=db_memo)(port=3306)(type=master) : Connection refused (Connection refused)
	at org.mariadb.jdbc.internal.util.ExceptionMapper.get(ExceptionMapper.java:123)
	at org.mariadb.jdbc.internal.util.ExceptionMapper.throwException(ExceptionMapper.java:69)
	at org.mariadb.jdbc.Driver.connect(Driver.java:110)
	at org.apache.tomcat.jdbc.pool.PooledConnection.connectUsingDriver(PooledConnection.java:307)
	at org.apache.tomcat.jdbc.pool.PooledConnection.connect(PooledConnection.java:200)
	at org.apache.tomcat.jdbc.pool.ConnectionPool.createConnection(ConnectionPool.java:699)
	at org.apache.tomcat.jdbc.pool.ConnectionPool.borrowConnection(ConnectionPool.java:633)
	at org.apache.tomcat.jdbc.pool.ConnectionPool.init(ConnectionPool.java:484)
	at org.apache.tomcat.jdbc.pool.ConnectionPool.<init>(ConnectionPool.java:142)
	at org.apache.tomcat.jdbc.pool.DataSourceProxy.pCreatePool(DataSourceProxy.java:115)
	at org.apache.tomcat.jdbc.pool.DataSourceProxy.createPool(DataSourceProxy.java:102)
	at org.apache.tomcat.jdbc.pool.DataSourceFactory.createDataSource(DataSourceFactory.java:553)
	at org.apache.tomcat.jdbc.pool.DataSourceFactory.getObjectInstance(DataSourceFactory.java:241)
	at org.apache.naming.factory.FactoryBase.getObjectInstance(FactoryBase.java:94)
	at javax.naming.spi.NamingManager.getObjectInstance(NamingManager.java:321)
	at org.apache.naming.NamingContext.lookup(NamingContext.java:841)
	at org.apache.naming.NamingContext.lookup(NamingContext.java:152)
	at org.apache.naming.NamingContext.lookup(NamingContext.java:829)
	at org.apache.naming.NamingContext.lookup(NamingContext.java:166)
	at org.apache.catalina.core.NamingContextListener.addResource(NamingContextListener.java:1091)
	at org.apache.catalina.core.NamingContextListener.createNamingContext(NamingContextListener.java:670)
	at org.apache.catalina.core.NamingContextListener.lifecycleEvent(NamingContextListener.java:258)
	at org.apache.catalina.util.LifecycleSupport.fireLifecycleEvent(LifecycleSupport.java:117)
	at org.apache.catalina.util.LifecycleBase.fireLifecycleEvent(LifecycleBase.java:90)
	at org.apache.catalina.core.StandardContext.startInternal(StandardContext.java:5164)
	at org.apache.catalina.util.LifecycleBase.start(LifecycleBase.java:150)
	at org.apache.catalina.core.ContainerBase.addChildInternal(ContainerBase.java:724)
	at org.apache.catalina.core.ContainerBase.addChild(ContainerBase.java:700)
	at org.apache.catalina.core.StandardHost.addChild(StandardHost.java:714)
	at org.apache.catalina.startup.HostConfig.deployDirectory(HostConfig.java:1071)
	at org.apache.catalina.startup.HostConfig$DeployDirectory.run(HostConfig.java:1721)
	at java.util.concurrent.Executors$RunnableAdapter.call(Executors.java:511)
	at java.util.concurrent.FutureTask.run(FutureTask.java:266)
	at java.util.concurrent.ThreadPoolExecutor.runWorker(ThreadPoolExecutor.java:1149)
	at java.util.concurrent.ThreadPoolExecutor$Worker.run(ThreadPoolExecutor.java:624)
	at java.lang.Thread.run(Thread.java:748)
Caused by: org.mariadb.jdbc.internal.util.dao.QueryException: Could not connect to address=(host=db_memo)(port=3306)(type=master) : Connection refused (Connection refused)
	at org.mariadb.jdbc.internal.protocol.AbstractConnectProtocol.connectWithoutProxy(AbstractConnectProtocol.java:708)
	at org.mariadb.jdbc.internal.util.Utils.retrieveProxy(Utils.java:471)
	at org.mariadb.jdbc.Driver.connect(Driver.java:105)
	... 33 more
Caused by: java.net.ConnectException: Connection refused (Connection refused)
	at java.net.PlainSocketImpl.socketConnect(Native Method)
	at java.net.AbstractPlainSocketImpl.doConnect(AbstractPlainSocketImpl.java:350)
	at java.net.AbstractPlainSocketImpl.connectToAddress(AbstractPlainSocketImpl.java:206)
	at java.net.AbstractPlainSocketImpl.connect(AbstractPlainSocketImpl.java:188)
	at java.net.SocksSocketImpl.connect(SocksSocketImpl.java:392)
	at java.net.Socket.connect(Socket.java:589)
	at java.net.Socket.connect(Socket.java:538)
	at org.mariadb.jdbc.internal.protocol.AbstractConnectProtocol.connect(AbstractConnectProtocol.java:350)
	at org.mariadb.jdbc.internal.protocol.AbstractConnectProtocol.connectWithoutProxy(AbstractConnectProtocol.java:703)
	... 35 more

07-Feb-2019 10:33:56.297 WARNING [localhost-startStop-1] org.apache.catalina.core.NamingContextListener.addResource Failed to register in JMX: javax.naming.NamingException: Could not connect to address=(host=db_memo)(port=3306)(type=master) : Connection refused (Connection refused)
07-Feb-2019 10:33:59.738 INFO [localhost-startStop-1] org.apache.catalina.startup.HostConfig.deployDirectory Deployment of web application directory /var/lib/tomcat8/webapps/ROOT has finished in 6,844 ms
07-Feb-2019 10:33:59.739 INFO [localhost-startStop-1] org.apache.catalina.startup.HostConfig.deployDirectory Deploying web application directory /var/lib/tomcat8/webapps/old_ROOT
07-Feb-2019 10:34:00.158 INFO [localhost-startStop-1] org.apache.jasper.servlet.TldScanner.scanJars At least one JAR was scanned for TLDs yet contained no TLDs. Enable debug logging for this logger for a complete list of JARs that were scanned but no TLDs were found in them. Skipping unneeded JARs during scanning can improve startup time and JSP compilation time.
07-Feb-2019 10:34:00.163 INFO [localhost-startStop-1] org.apache.catalina.startup.HostConfig.deployDirectory Deployment of web application directory /var/lib/tomcat8/webapps/old_ROOT has finished in 424 ms
07-Feb-2019 10:34:00.170 INFO [main] org.apache.coyote.AbstractProtocol.start Starting ProtocolHandler ["http-nio-8080"]
07-Feb-2019 10:34:00.197 INFO [main] org.apache.catalina.startup.Catalina.start Server startup in 7399 ms
07-Feb-2019 10:34:17.925 SEVERE [http-nio-8080-exec-1] org.apache.tomcat.jdbc.pool.ConnectionPool.init Unable to create initial connections of pool.
 java.sql.SQLNonTransientConnectionException: Could not connect to address=(host=db_memo)(port=3306)(type=master) : Connection refused (Connection refused)
	at org.mariadb.jdbc.internal.util.ExceptionMapper.get(ExceptionMapper.java:123)
	at org.mariadb.jdbc.internal.util.ExceptionMapper.throwException(ExceptionMapper.java:69)
	at org.mariadb.jdbc.Driver.connect(Driver.java:110)
	at org.apache.tomcat.jdbc.pool.PooledConnection.connectUsingDriver(PooledConnection.java:307)
	at org.apache.tomcat.jdbc.pool.PooledConnection.connect(PooledConnection.java:200)
	at org.apache.tomcat.jdbc.pool.ConnectionPool.createConnection(ConnectionPool.java:699)
	at org.apache.tomcat.jdbc.pool.ConnectionPool.borrowConnection(ConnectionPool.java:633)
	at org.apache.tomcat.jdbc.pool.ConnectionPool.init(ConnectionPool.java:484)
	at org.apache.tomcat.jdbc.pool.ConnectionPool.<init>(ConnectionPool.java:142)
	at org.apache.tomcat.jdbc.pool.DataSourceProxy.pCreatePool(DataSourceProxy.java:115)
	at org.apache.tomcat.jdbc.pool.DataSourceProxy.createPool(DataSourceProxy.java:102)
	at org.apache.tomcat.jdbc.pool.DataSourceFactory.createDataSource(DataSourceFactory.java:553)
	at org.apache.tomcat.jdbc.pool.DataSourceFactory.getObjectInstance(DataSourceFactory.java:241)
	at org.apache.naming.factory.FactoryBase.getObjectInstance(FactoryBase.java:94)
	at javax.naming.spi.NamingManager.getObjectInstance(NamingManager.java:321)
	at org.apache.naming.NamingContext.lookup(NamingContext.java:841)
	at org.apache.naming.NamingContext.lookup(NamingContext.java:152)
	at org.apache.naming.NamingContext.lookup(NamingContext.java:829)
	at org.apache.naming.NamingContext.lookup(NamingContext.java:166)
	at fr.gouv.motivaction.utils.DatabaseManager.getConnection(DatabaseManager.java:37)
	at fr.gouv.motivaction.dao.UserDAO.isAdmin(UserDAO.java:244)
	at org.apache.jsp.index_jsp._jspService(index_jsp.java:203)
	at org.apache.jasper.runtime.HttpJspBase.service(HttpJspBase.java:70)
	at javax.servlet.http.HttpServlet.service(HttpServlet.java:725)
	at org.apache.jasper.servlet.JspServletWrapper.service(JspServletWrapper.java:432)
	at org.apache.jasper.servlet.JspServlet.serviceJspFile(JspServlet.java:401)
	at org.apache.jasper.servlet.JspServlet.service(JspServlet.java:345)
	at javax.servlet.http.HttpServlet.service(HttpServlet.java:725)
	at org.apache.catalina.core.ApplicationFilterChain.internalDoFilter(ApplicationFilterChain.java:291)
	at org.apache.catalina.core.ApplicationFilterChain.doFilter(ApplicationFilterChain.java:206)
	at org.apache.tomcat.websocket.server.WsFilter.doFilter(WsFilter.java:52)
	at org.apache.catalina.core.ApplicationFilterChain.internalDoFilter(ApplicationFilterChain.java:239)
	at org.apache.catalina.core.ApplicationFilterChain.doFilter(ApplicationFilterChain.java:206)
	at org.apache.catalina.core.StandardWrapperValve.invoke(StandardWrapperValve.java:219)
	at org.apache.catalina.core.StandardContextValve.invoke(StandardContextValve.java:106)
	at org.apache.catalina.authenticator.AuthenticatorBase.invoke(AuthenticatorBase.java:498)
	at org.apache.catalina.core.StandardHostValve.invoke(StandardHostValve.java:142)
	at org.apache.catalina.valves.ErrorReportValve.invoke(ErrorReportValve.java:79)
	at org.apache.catalina.valves.AbstractAccessLogValve.invoke(AbstractAccessLogValve.java:610)
	at org.apache.catalina.core.StandardEngineValve.invoke(StandardEngineValve.java:88)
	at org.apache.catalina.connector.CoyoteAdapter.service(CoyoteAdapter.java:537)
	at org.apache.coyote.http11.AbstractHttp11Processor.process(AbstractHttp11Processor.java:1081)
	at org.apache.coyote.AbstractProtocol$AbstractConnectionHandler.process(AbstractProtocol.java:658)
	at org.apache.coyote.http11.Http11NioProtocol$Http11ConnectionHandler.process(Http11NioProtocol.java:222)
	at org.apache.tomcat.util.net.NioEndpoint$SocketProcessor.doRun(NioEndpoint.java:1580)
	at org.apache.tomcat.util.net.NioEndpoint$SocketProcessor.run(NioEndpoint.java:1537)
	at java.util.concurrent.ThreadPoolExecutor.runWorker(ThreadPoolExecutor.java:1149)
	at java.util.concurrent.ThreadPoolExecutor$Worker.run(ThreadPoolExecutor.java:624)
	at org.apache.tomcat.util.threads.TaskThread$WrappingRunnable.run(TaskThread.java:61)
	at java.lang.Thread.run(Thread.java:748)
Caused by: org.mariadb.jdbc.internal.util.dao.QueryException: Could not connect to address=(host=db_memo)(port=3306)(type=master) : Connection refused (Connection refused)
	at org.mariadb.jdbc.internal.protocol.AbstractConnectProtocol.connectWithoutProxy(AbstractConnectProtocol.java:708)
	at org.mariadb.jdbc.internal.util.Utils.retrieveProxy(Utils.java:471)
	at org.mariadb.jdbc.Driver.connect(Driver.java:105)
	... 47 more
Caused by: java.net.ConnectException: Connection refused (Connection refused)
	at java.net.PlainSocketImpl.socketConnect(Native Method)
	at java.net.AbstractPlainSocketImpl.doConnect(AbstractPlainSocketImpl.java:350)
	at java.net.AbstractPlainSocketImpl.connectToAddress(AbstractPlainSocketImpl.java:206)
	at java.net.AbstractPlainSocketImpl.connect(AbstractPlainSocketImpl.java:188)
	at java.net.SocksSocketImpl.connect(SocksSocketImpl.java:392)
	at java.net.Socket.connect(Socket.java:589)
	at java.net.Socket.connect(Socket.java:538)
	at org.mariadb.jdbc.internal.protocol.AbstractConnectProtocol.connect(AbstractConnectProtocol.java:350)
	at org.mariadb.jdbc.internal.protocol.AbstractConnectProtocol.connectWithoutProxy(AbstractConnectProtocol.java:703)
	... 49 more

07-Feb-2019 10:34:17.937 WARNING [http-nio-8080-exec-1] org.apache.naming.NamingContext.lookup Unexpected exception resolving reference
 java.sql.SQLNonTransientConnectionException: Could not connect to address=(host=db_memo)(port=3306)(type=master) : Connection refused (Connection refused)
	at org.mariadb.jdbc.internal.util.ExceptionMapper.get(ExceptionMapper.java:123)
	at org.mariadb.jdbc.internal.util.ExceptionMapper.throwException(ExceptionMapper.java:69)
	at org.mariadb.jdbc.Driver.connect(Driver.java:110)
	at org.apache.tomcat.jdbc.pool.PooledConnection.connectUsingDriver(PooledConnection.java:307)
	at org.apache.tomcat.jdbc.pool.PooledConnection.connect(PooledConnection.java:200)
	at org.apache.tomcat.jdbc.pool.ConnectionPool.createConnection(ConnectionPool.java:699)
	at org.apache.tomcat.jdbc.pool.ConnectionPool.borrowConnection(ConnectionPool.java:633)
	at org.apache.tomcat.jdbc.pool.ConnectionPool.init(ConnectionPool.java:484)
	at org.apache.tomcat.jdbc.pool.ConnectionPool.<init>(ConnectionPool.java:142)
	at org.apache.tomcat.jdbc.pool.DataSourceProxy.pCreatePool(DataSourceProxy.java:115)
	at org.apache.tomcat.jdbc.pool.DataSourceProxy.createPool(DataSourceProxy.java:102)
	at org.apache.tomcat.jdbc.pool.DataSourceFactory.createDataSource(DataSourceFactory.java:553)
	at org.apache.tomcat.jdbc.pool.DataSourceFactory.getObjectInstance(DataSourceFactory.java:241)
	at org.apache.naming.factory.FactoryBase.getObjectInstance(FactoryBase.java:94)
	at javax.naming.spi.NamingManager.getObjectInstance(NamingManager.java:321)
	at org.apache.naming.NamingContext.lookup(NamingContext.java:841)
	at org.apache.naming.NamingContext.lookup(NamingContext.java:152)
	at org.apache.naming.NamingContext.lookup(NamingContext.java:829)
	at org.apache.naming.NamingContext.lookup(NamingContext.java:166)
	at fr.gouv.motivaction.utils.DatabaseManager.getConnection(DatabaseManager.java:37)
	at fr.gouv.motivaction.dao.UserDAO.isAdmin(UserDAO.java:244)
	at org.apache.jsp.index_jsp._jspService(index_jsp.java:203)
	at org.apache.jasper.runtime.HttpJspBase.service(HttpJspBase.java:70)
	at javax.servlet.http.HttpServlet.service(HttpServlet.java:725)
	at org.apache.jasper.servlet.JspServletWrapper.service(JspServletWrapper.java:432)
	at org.apache.jasper.servlet.JspServlet.serviceJspFile(JspServlet.java:401)
	at org.apache.jasper.servlet.JspServlet.service(JspServlet.java:345)
	at javax.servlet.http.HttpServlet.service(HttpServlet.java:725)
	at org.apache.catalina.core.ApplicationFilterChain.internalDoFilter(ApplicationFilterChain.java:291)
	at org.apache.catalina.core.ApplicationFilterChain.doFilter(ApplicationFilterChain.java:206)
	at org.apache.tomcat.websocket.server.WsFilter.doFilter(WsFilter.java:52)
	at org.apache.catalina.core.ApplicationFilterChain.internalDoFilter(ApplicationFilterChain.java:239)
	at org.apache.catalina.core.ApplicationFilterChain.doFilter(ApplicationFilterChain.java:206)
	at org.apache.catalina.core.StandardWrapperValve.invoke(StandardWrapperValve.java:219)
	at org.apache.catalina.core.StandardContextValve.invoke(StandardContextValve.java:106)
	at org.apache.catalina.authenticator.AuthenticatorBase.invoke(AuthenticatorBase.java:498)
	at org.apache.catalina.core.StandardHostValve.invoke(StandardHostValve.java:142)
	at org.apache.catalina.valves.ErrorReportValve.invoke(ErrorReportValve.java:79)
	at org.apache.catalina.valves.AbstractAccessLogValve.invoke(AbstractAccessLogValve.java:610)
	at org.apache.catalina.core.StandardEngineValve.invoke(StandardEngineValve.java:88)
	at org.apache.catalina.connector.CoyoteAdapter.service(CoyoteAdapter.java:537)
	at org.apache.coyote.http11.AbstractHttp11Processor.process(AbstractHttp11Processor.java:1081)
	at org.apache.coyote.AbstractProtocol$AbstractConnectionHandler.process(AbstractProtocol.java:658)
	at org.apache.coyote.http11.Http11NioProtocol$Http11ConnectionHandler.process(Http11NioProtocol.java:222)
	at org.apache.tomcat.util.net.NioEndpoint$SocketProcessor.doRun(NioEndpoint.java:1580)
	at org.apache.tomcat.util.net.NioEndpoint$SocketProcessor.run(NioEndpoint.java:1537)
	at java.util.concurrent.ThreadPoolExecutor.runWorker(ThreadPoolExecutor.java:1149)
	at java.util.concurrent.ThreadPoolExecutor$Worker.run(ThreadPoolExecutor.java:624)
	at org.apache.tomcat.util.threads.TaskThread$WrappingRunnable.run(TaskThread.java:61)
	at java.lang.Thread.run(Thread.java:748)
Caused by: org.mariadb.jdbc.internal.util.dao.QueryException: Could not connect to address=(host=db_memo)(port=3306)(type=master) : Connection refused (Connection refused)
	at org.mariadb.jdbc.internal.protocol.AbstractConnectProtocol.connectWithoutProxy(AbstractConnectProtocol.java:708)
	at org.mariadb.jdbc.internal.util.Utils.retrieveProxy(Utils.java:471)
	at org.mariadb.jdbc.Driver.connect(Driver.java:105)
	... 47 more
Caused by: java.net.ConnectException: Connection refused (Connection refused)
	at java.net.PlainSocketImpl.socketConnect(Native Method)
	at java.net.AbstractPlainSocketImpl.doConnect(AbstractPlainSocketImpl.java:350)
	at java.net.AbstractPlainSocketImpl.connectToAddress(AbstractPlainSocketImpl.java:206)
	at java.net.AbstractPlainSocketImpl.connect(AbstractPlainSocketImpl.java:188)
	at java.net.SocksSocketImpl.connect(SocksSocketImpl.java:392)
	at java.net.Socket.connect(Socket.java:589)
	at java.net.Socket.connect(Socket.java:538)
	at org.mariadb.jdbc.internal.protocol.AbstractConnectProtocol.connect(AbstractConnectProtocol.java:350)
	at org.mariadb.jdbc.internal.protocol.AbstractConnectProtocol.connectWithoutProxy(AbstractConnectProtocol.java:703)
	... 49 more

07-Feb-2019 10:34:17.960 SEVERE [http-nio-8080-exec-1] org.apache.tomcat.jdbc.pool.ConnectionPool.init Unable to create initial connections of pool.
 java.sql.SQLNonTransientConnectionException: Could not connect to address=(host=db_memo)(port=3306)(type=master) : Connection refused (Connection refused)
	at org.mariadb.jdbc.internal.util.ExceptionMapper.get(ExceptionMapper.java:123)
	at org.mariadb.jdbc.internal.util.ExceptionMapper.throwException(ExceptionMapper.java:69)
	at org.mariadb.jdbc.Driver.connect(Driver.java:110)
	at org.apache.tomcat.jdbc.pool.PooledConnection.connectUsingDriver(PooledConnection.java:307)
	at org.apache.tomcat.jdbc.pool.PooledConnection.connect(PooledConnection.java:200)
	at org.apache.tomcat.jdbc.pool.ConnectionPool.createConnection(ConnectionPool.java:699)
	at org.apache.tomcat.jdbc.pool.ConnectionPool.borrowConnection(ConnectionPool.java:633)
	at org.apache.tomcat.jdbc.pool.ConnectionPool.init(ConnectionPool.java:484)
	at org.apache.tomcat.jdbc.pool.ConnectionPool.<init>(ConnectionPool.java:142)
	at org.apache.tomcat.jdbc.pool.DataSourceProxy.pCreatePool(DataSourceProxy.java:115)
	at org.apache.tomcat.jdbc.pool.DataSourceProxy.createPool(DataSourceProxy.java:102)
	at org.apache.tomcat.jdbc.pool.DataSourceFactory.createDataSource(DataSourceFactory.java:553)
	at org.apache.tomcat.jdbc.pool.DataSourceFactory.getObjectInstance(DataSourceFactory.java:241)
	at org.apache.naming.factory.FactoryBase.getObjectInstance(FactoryBase.java:94)
	at javax.naming.spi.NamingManager.getObjectInstance(NamingManager.java:321)
	at org.apache.naming.NamingContext.lookup(NamingContext.java:841)
	at org.apache.naming.NamingContext.lookup(NamingContext.java:152)
	at org.apache.naming.NamingContext.lookup(NamingContext.java:829)
	at org.apache.naming.NamingContext.lookup(NamingContext.java:166)
	at fr.gouv.motivaction.utils.DatabaseManager.getConnection(DatabaseManager.java:37)
	at fr.gouv.motivaction.dao.UserDAO.loadFromId(UserDAO.java:209)
	at fr.gouv.motivaction.service.UserService.loadUserFromId(UserService.java:101)
	at org.apache.jsp.index_jsp._jspService(index_jsp.java:215)
	at org.apache.jasper.runtime.HttpJspBase.service(HttpJspBase.java:70)
	at javax.servlet.http.HttpServlet.service(HttpServlet.java:725)
	at org.apache.jasper.servlet.JspServletWrapper.service(JspServletWrapper.java:432)
	at org.apache.jasper.servlet.JspServlet.serviceJspFile(JspServlet.java:401)
	at org.apache.jasper.servlet.JspServlet.service(JspServlet.java:345)
	at javax.servlet.http.HttpServlet.service(HttpServlet.java:725)
	at org.apache.catalina.core.ApplicationFilterChain.internalDoFilter(ApplicationFilterChain.java:291)
	at org.apache.catalina.core.ApplicationFilterChain.doFilter(ApplicationFilterChain.java:206)
	at org.apache.tomcat.websocket.server.WsFilter.doFilter(WsFilter.java:52)
	at org.apache.catalina.core.ApplicationFilterChain.internalDoFilter(ApplicationFilterChain.java:239)
	at org.apache.catalina.core.ApplicationFilterChain.doFilter(ApplicationFilterChain.java:206)
	at org.apache.catalina.core.StandardWrapperValve.invoke(StandardWrapperValve.java:219)
	at org.apache.catalina.core.StandardContextValve.invoke(StandardContextValve.java:106)
	at org.apache.catalina.authenticator.AuthenticatorBase.invoke(AuthenticatorBase.java:498)
	at org.apache.catalina.core.StandardHostValve.invoke(StandardHostValve.java:142)
	at org.apache.catalina.valves.ErrorReportValve.invoke(ErrorReportValve.java:79)
	at org.apache.catalina.valves.AbstractAccessLogValve.invoke(AbstractAccessLogValve.java:610)
	at org.apache.catalina.core.StandardEngineValve.invoke(StandardEngineValve.java:88)
	at org.apache.catalina.connector.CoyoteAdapter.service(CoyoteAdapter.java:537)
	at org.apache.coyote.http11.AbstractHttp11Processor.process(AbstractHttp11Processor.java:1081)
	at org.apache.coyote.AbstractProtocol$AbstractConnectionHandler.process(AbstractProtocol.java:658)
	at org.apache.coyote.http11.Http11NioProtocol$Http11ConnectionHandler.process(Http11NioProtocol.java:222)
	at org.apache.tomcat.util.net.NioEndpoint$SocketProcessor.doRun(NioEndpoint.java:1580)
	at org.apache.tomcat.util.net.NioEndpoint$SocketProcessor.run(NioEndpoint.java:1537)
	at java.util.concurrent.ThreadPoolExecutor.runWorker(ThreadPoolExecutor.java:1149)
	at java.util.concurrent.ThreadPoolExecutor$Worker.run(ThreadPoolExecutor.java:624)
	at org.apache.tomcat.util.threads.TaskThread$WrappingRunnable.run(TaskThread.java:61)
	at java.lang.Thread.run(Thread.java:748)
Caused by: org.mariadb.jdbc.internal.util.dao.QueryException: Could not connect to address=(host=db_memo)(port=3306)(type=master) : Connection refused (Connection refused)
	at org.mariadb.jdbc.internal.protocol.AbstractConnectProtocol.connectWithoutProxy(AbstractConnectProtocol.java:708)
	at org.mariadb.jdbc.internal.util.Utils.retrieveProxy(Utils.java:471)
	at org.mariadb.jdbc.Driver.connect(Driver.java:105)
	... 48 more
Caused by: java.net.ConnectException: Connection refused (Connection refused)
	at java.net.PlainSocketImpl.socketConnect(Native Method)
	at java.net.AbstractPlainSocketImpl.doConnect(AbstractPlainSocketImpl.java:350)
	at java.net.AbstractPlainSocketImpl.connectToAddress(AbstractPlainSocketImpl.java:206)
	at java.net.AbstractPlainSocketImpl.connect(AbstractPlainSocketImpl.java:188)
	at java.net.SocksSocketImpl.connect(SocksSocketImpl.java:392)
	at java.net.Socket.connect(Socket.java:589)
	at java.net.Socket.connect(Socket.java:538)
	at org.mariadb.jdbc.internal.protocol.AbstractConnectProtocol.connect(AbstractConnectProtocol.java:350)
	at org.mariadb.jdbc.internal.protocol.AbstractConnectProtocol.connectWithoutProxy(AbstractConnectProtocol.java:703)
	... 50 more

07-Feb-2019 10:34:17.978 WARNING [http-nio-8080-exec-1] org.apache.naming.NamingContext.lookup Unexpected exception resolving reference
 java.sql.SQLNonTransientConnectionException: Could not connect to address=(host=db_memo)(port=3306)(type=master) : Connection refused (Connection refused)
	at org.mariadb.jdbc.internal.util.ExceptionMapper.get(ExceptionMapper.java:123)
	at org.mariadb.jdbc.internal.util.ExceptionMapper.throwException(ExceptionMapper.java:69)
	at org.mariadb.jdbc.Driver.connect(Driver.java:110)
	at org.apache.tomcat.jdbc.pool.PooledConnection.connectUsingDriver(PooledConnection.java:307)
	at org.apache.tomcat.jdbc.pool.PooledConnection.connect(PooledConnection.java:200)
	at org.apache.tomcat.jdbc.pool.ConnectionPool.createConnection(ConnectionPool.java:699)
	at org.apache.tomcat.jdbc.pool.ConnectionPool.borrowConnection(ConnectionPool.java:633)
	at org.apache.tomcat.jdbc.pool.ConnectionPool.init(ConnectionPool.java:484)
	at org.apache.tomcat.jdbc.pool.ConnectionPool.<init>(ConnectionPool.java:142)
	at org.apache.tomcat.jdbc.pool.DataSourceProxy.pCreatePool(DataSourceProxy.java:115)
	at org.apache.tomcat.jdbc.pool.DataSourceProxy.createPool(DataSourceProxy.java:102)
	at org.apache.tomcat.jdbc.pool.DataSourceFactory.createDataSource(DataSourceFactory.java:553)
	at org.apache.tomcat.jdbc.pool.DataSourceFactory.getObjectInstance(DataSourceFactory.java:241)
	at org.apache.naming.factory.FactoryBase.getObjectInstance(FactoryBase.java:94)
	at javax.naming.spi.NamingManager.getObjectInstance(NamingManager.java:321)
	at org.apache.naming.NamingContext.lookup(NamingContext.java:841)
	at org.apache.naming.NamingContext.lookup(NamingContext.java:152)
	at org.apache.naming.NamingContext.lookup(NamingContext.java:829)
	at org.apache.naming.NamingContext.lookup(NamingContext.java:166)
	at fr.gouv.motivaction.utils.DatabaseManager.getConnection(DatabaseManager.java:37)
	at fr.gouv.motivaction.dao.UserDAO.loadFromId(UserDAO.java:209)
	at fr.gouv.motivaction.service.UserService.loadUserFromId(UserService.java:101)
	at org.apache.jsp.index_jsp._jspService(index_jsp.java:215)
	at org.apache.jasper.runtime.HttpJspBase.service(HttpJspBase.java:70)
	at javax.servlet.http.HttpServlet.service(HttpServlet.java:725)
	at org.apache.jasper.servlet.JspServletWrapper.service(JspServletWrapper.java:432)
	at org.apache.jasper.servlet.JspServlet.serviceJspFile(JspServlet.java:401)
	at org.apache.jasper.servlet.JspServlet.service(JspServlet.java:345)
	at javax.servlet.http.HttpServlet.service(HttpServlet.java:725)
	at org.apache.catalina.core.ApplicationFilterChain.internalDoFilter(ApplicationFilterChain.java:291)
	at org.apache.catalina.core.ApplicationFilterChain.doFilter(ApplicationFilterChain.java:206)
	at org.apache.tomcat.websocket.server.WsFilter.doFilter(WsFilter.java:52)
	at org.apache.catalina.core.ApplicationFilterChain.internalDoFilter(ApplicationFilterChain.java:239)
	at org.apache.catalina.core.ApplicationFilterChain.doFilter(ApplicationFilterChain.java:206)
	at org.apache.catalina.core.StandardWrapperValve.invoke(StandardWrapperValve.java:219)
	at org.apache.catalina.core.StandardContextValve.invoke(StandardContextValve.java:106)
	at org.apache.catalina.authenticator.AuthenticatorBase.invoke(AuthenticatorBase.java:498)
	at org.apache.catalina.core.StandardHostValve.invoke(StandardHostValve.java:142)
	at org.apache.catalina.valves.ErrorReportValve.invoke(ErrorReportValve.java:79)
	at org.apache.catalina.valves.AbstractAccessLogValve.invoke(AbstractAccessLogValve.java:610)
	at org.apache.catalina.core.StandardEngineValve.invoke(StandardEngineValve.java:88)
	at org.apache.catalina.connector.CoyoteAdapter.service(CoyoteAdapter.java:537)
	at org.apache.coyote.http11.AbstractHttp11Processor.process(AbstractHttp11Processor.java:1081)
	at org.apache.coyote.AbstractProtocol$AbstractConnectionHandler.process(AbstractProtocol.java:658)
	at org.apache.coyote.http11.Http11NioProtocol$Http11ConnectionHandler.process(Http11NioProtocol.java:222)
	at org.apache.tomcat.util.net.NioEndpoint$SocketProcessor.doRun(NioEndpoint.java:1580)
	at org.apache.tomcat.util.net.NioEndpoint$SocketProcessor.run(NioEndpoint.java:1537)
	at java.util.concurrent.ThreadPoolExecutor.runWorker(ThreadPoolExecutor.java:1149)
	at java.util.concurrent.ThreadPoolExecutor$Worker.run(ThreadPoolExecutor.java:624)
	at org.apache.tomcat.util.threads.TaskThread$WrappingRunnable.run(TaskThread.java:61)
	at java.lang.Thread.run(Thread.java:748)
Caused by: org.mariadb.jdbc.internal.util.dao.QueryException: Could not connect to address=(host=db_memo)(port=3306)(type=master) : Connection refused (Connection refused)
	at org.mariadb.jdbc.internal.protocol.AbstractConnectProtocol.connectWithoutProxy(AbstractConnectProtocol.java:708)
	at org.mariadb.jdbc.internal.util.Utils.retrieveProxy(Utils.java:471)
	at org.mariadb.jdbc.Driver.connect(Driver.java:105)
	... 48 more
Caused by: java.net.ConnectException: Connection refused (Connection refused)
	at java.net.PlainSocketImpl.socketConnect(Native Method)
	at java.net.AbstractPlainSocketImpl.doConnect(AbstractPlainSocketImpl.java:350)
	at java.net.AbstractPlainSocketImpl.connectToAddress(AbstractPlainSocketImpl.java:206)
	at java.net.AbstractPlainSocketImpl.connect(AbstractPlainSocketImpl.java:188)
	at java.net.SocksSocketImpl.connect(SocksSocketImpl.java:392)
	at java.net.Socket.connect(Socket.java:589)
	at java.net.Socket.connect(Socket.java:538)
	at org.mariadb.jdbc.internal.protocol.AbstractConnectProtocol.connect(AbstractConnectProtocol.java:350)
	at org.mariadb.jdbc.internal.protocol.AbstractConnectProtocol.connectWithoutProxy(AbstractConnectProtocol.java:703)
	... 50 more

07-Feb-2019 12:14:23.987 INFO [main] org.apache.catalina.startup.VersionLoggerListener.log Server version: Apache Tomcat/8.0.14 (Debian)
07-Feb-2019 12:14:24.011 INFO [main] org.apache.catalina.startup.VersionLoggerListener.log Server built:   Oct 15 2018 03:14:37
07-Feb-2019 12:14:24.019 INFO [main] org.apache.catalina.startup.VersionLoggerListener.log Server number:  8.0.14.0
07-Feb-2019 12:14:24.022 INFO [main] org.apache.catalina.startup.VersionLoggerListener.log OS Name:        Linux
07-Feb-2019 12:14:24.023 INFO [main] org.apache.catalina.startup.VersionLoggerListener.log OS Version:     4.4.0-141-generic
07-Feb-2019 12:14:24.025 INFO [main] org.apache.catalina.startup.VersionLoggerListener.log Architecture:   amd64
07-Feb-2019 12:14:24.026 INFO [main] org.apache.catalina.startup.VersionLoggerListener.log JVM Version:    1.8.0_171-8u171-b11-1~bpo8+1-b11
07-Feb-2019 12:14:24.028 INFO [main] org.apache.catalina.startup.VersionLoggerListener.log JVM Vendor:     Oracle Corporation
07-Feb-2019 12:14:25.222 INFO [main] org.apache.coyote.AbstractProtocol.init Initializing ProtocolHandler ["http-nio-8080"]
07-Feb-2019 12:14:25.258 INFO [main] org.apache.tomcat.util.net.NioSelectorPool.getSharedSelector Using a shared selector for servlet write/read
07-Feb-2019 12:14:25.265 INFO [main] org.apache.catalina.startup.Catalina.load Initialization processed in 1688 ms
07-Feb-2019 12:14:25.311 INFO [main] org.apache.catalina.core.StandardService.startInternal Starting service Catalina
07-Feb-2019 12:14:25.312 INFO [main] org.apache.catalina.core.StandardEngine.startInternal Starting Servlet Engine: Apache Tomcat/8.0.14 (Debian)
07-Feb-2019 12:14:25.334 INFO [localhost-startStop-1] org.apache.catalina.startup.HostConfig.deployDirectory Deploying web application directory /var/lib/tomcat8/webapps/ROOT
07-Feb-2019 12:14:31.040 INFO [localhost-startStop-1] org.apache.catalina.startup.HostConfig.deployDirectory Deployment of web application directory /var/lib/tomcat8/webapps/ROOT has finished in 5,705 ms
07-Feb-2019 12:14:31.041 INFO [localhost-startStop-1] org.apache.catalina.startup.HostConfig.deployDirectory Deploying web application directory /var/lib/tomcat8/webapps/old_ROOT
07-Feb-2019 12:14:31.368 INFO [localhost-startStop-1] org.apache.jasper.servlet.TldScanner.scanJars At least one JAR was scanned for TLDs yet contained no TLDs. Enable debug logging for this logger for a complete list of JARs that were scanned but no TLDs were found in them. Skipping unneeded JARs during scanning can improve startup time and JSP compilation time.
07-Feb-2019 12:14:31.371 INFO [localhost-startStop-1] org.apache.catalina.startup.HostConfig.deployDirectory Deployment of web application directory /var/lib/tomcat8/webapps/old_ROOT has finished in 330 ms
07-Feb-2019 12:14:31.377 INFO [main] org.apache.coyote.AbstractProtocol.start Starting ProtocolHandler ["http-nio-8080"]
07-Feb-2019 12:14:31.385 INFO [main] org.apache.catalina.startup.Catalina.start Server startup in 6118 ms
07-Feb-2019 12:17:12.923 INFO [main] org.apache.catalina.startup.VersionLoggerListener.log Server version: Apache Tomcat/8.0.14 (Debian)
07-Feb-2019 12:17:12.934 INFO [main] org.apache.catalina.startup.VersionLoggerListener.log Server built:   Oct 15 2018 03:14:37
07-Feb-2019 12:17:12.936 INFO [main] org.apache.catalina.startup.VersionLoggerListener.log Server number:  8.0.14.0
07-Feb-2019 12:17:12.938 INFO [main] org.apache.catalina.startup.VersionLoggerListener.log OS Name:        Linux
07-Feb-2019 12:17:12.941 INFO [main] org.apache.catalina.startup.VersionLoggerListener.log OS Version:     4.4.0-141-generic
07-Feb-2019 12:17:12.944 INFO [main] org.apache.catalina.startup.VersionLoggerListener.log Architecture:   amd64
07-Feb-2019 12:17:12.947 INFO [main] org.apache.catalina.startup.VersionLoggerListener.log JVM Version:    1.8.0_171-8u171-b11-1~bpo8+1-b11
07-Feb-2019 12:17:12.952 INFO [main] org.apache.catalina.startup.VersionLoggerListener.log JVM Vendor:     Oracle Corporation
07-Feb-2019 12:17:13.963 INFO [main] org.apache.coyote.AbstractProtocol.init Initializing ProtocolHandler ["http-nio-8080"]
07-Feb-2019 12:17:13.997 INFO [main] org.apache.tomcat.util.net.NioSelectorPool.getSharedSelector Using a shared selector for servlet write/read
07-Feb-2019 12:17:14.004 INFO [main] org.apache.catalina.startup.Catalina.load Initialization processed in 1404 ms
07-Feb-2019 12:17:14.074 INFO [main] org.apache.catalina.core.StandardService.startInternal Starting service Catalina
07-Feb-2019 12:17:14.076 INFO [main] org.apache.catalina.core.StandardEngine.startInternal Starting Servlet Engine: Apache Tomcat/8.0.14 (Debian)
07-Feb-2019 12:17:14.092 INFO [localhost-startStop-1] org.apache.catalina.startup.HostConfig.deployDirectory Deploying web application directory /var/lib/tomcat8/webapps/ROOT
07-Feb-2019 12:17:19.457 INFO [localhost-startStop-1] org.apache.catalina.startup.HostConfig.deployDirectory Deployment of web application directory /var/lib/tomcat8/webapps/ROOT has finished in 5,364 ms
07-Feb-2019 12:17:19.458 INFO [localhost-startStop-1] org.apache.catalina.startup.HostConfig.deployDirectory Deploying web application directory /var/lib/tomcat8/webapps/old_ROOT
07-Feb-2019 12:17:19.735 INFO [localhost-startStop-1] org.apache.jasper.servlet.TldScanner.scanJars At least one JAR was scanned for TLDs yet contained no TLDs. Enable debug logging for this logger for a complete list of JARs that were scanned but no TLDs were found in them. Skipping unneeded JARs during scanning can improve startup time and JSP compilation time.
07-Feb-2019 12:17:19.739 INFO [localhost-startStop-1] org.apache.catalina.startup.HostConfig.deployDirectory Deployment of web application directory /var/lib/tomcat8/webapps/old_ROOT has finished in 281 ms
07-Feb-2019 12:17:19.746 INFO [main] org.apache.coyote.AbstractProtocol.start Starting ProtocolHandler ["http-nio-8080"]
07-Feb-2019 12:17:19.760 INFO [main] org.apache.catalina.startup.Catalina.start Server startup in 5751 ms
07-Feb-2019 12:33:10.412 INFO [ContainerBackgroundProcessor[StandardEngine[Catalina]]] org.apache.catalina.startup.HostConfig.undeploy Undeploying context []
07-Feb-2019 12:33:10.480 WARNING [ContainerBackgroundProcessor[StandardEngine[Catalina]]] org.apache.catalina.loader.WebappClassLoaderBase.clearReferencesJdbc The web application [] registered the JDBC driver [org.mariadb.jdbc.Driver] but failed to unregister it when the web application was stopped. To prevent a memory leak, the JDBC Driver has been forcibly unregistered.
07-Feb-2019 12:33:10.490 WARNING [ContainerBackgroundProcessor[StandardEngine[Catalina]]] org.apache.catalina.loader.WebappClassLoaderBase.clearReferencesThreads The web application [] appears to have started a thread named [DefaultQuartzScheduler_Worker-1] but has failed to stop it. This is very likely to create a memory leak. Stack trace of thread:
 java.lang.Object.wait(Native Method)
 org.quartz.simpl.SimpleThreadPool$WorkerThread.run(SimpleThreadPool.java:568)
07-Feb-2019 12:33:10.517 WARNING [ContainerBackgroundProcessor[StandardEngine[Catalina]]] org.apache.catalina.loader.WebappClassLoaderBase.clearReferencesThreads The web application [] appears to have started a thread named [DefaultQuartzScheduler_Worker-2] but has failed to stop it. This is very likely to create a memory leak. Stack trace of thread:
 java.lang.Object.wait(Native Method)
 org.quartz.simpl.SimpleThreadPool$WorkerThread.run(SimpleThreadPool.java:568)
07-Feb-2019 12:33:10.518 WARNING [ContainerBackgroundProcessor[StandardEngine[Catalina]]] org.apache.catalina.loader.WebappClassLoaderBase.clearReferencesThreads The web application [] appears to have started a thread named [DefaultQuartzScheduler_Worker-3] but has failed to stop it. This is very likely to create a memory leak. Stack trace of thread:
 java.lang.Object.wait(Native Method)
 org.quartz.simpl.SimpleThreadPool$WorkerThread.run(SimpleThreadPool.java:568)
07-Feb-2019 12:33:10.519 WARNING [ContainerBackgroundProcessor[StandardEngine[Catalina]]] org.apache.catalina.loader.WebappClassLoaderBase.clearReferencesThreads The web application [] appears to have started a thread named [DefaultQuartzScheduler_Worker-4] but has failed to stop it. This is very likely to create a memory leak. Stack trace of thread:
 java.lang.Object.wait(Native Method)
 org.quartz.simpl.SimpleThreadPool$WorkerThread.run(SimpleThreadPool.java:568)
07-Feb-2019 12:33:10.525 WARNING [ContainerBackgroundProcessor[StandardEngine[Catalina]]] org.apache.catalina.loader.WebappClassLoaderBase.clearReferencesThreads The web application [] appears to have started a thread named [DefaultQuartzScheduler_Worker-5] but has failed to stop it. This is very likely to create a memory leak. Stack trace of thread:
 java.lang.Object.wait(Native Method)
 org.quartz.simpl.SimpleThreadPool$WorkerThread.run(SimpleThreadPool.java:568)
07-Feb-2019 12:33:10.538 WARNING [ContainerBackgroundProcessor[StandardEngine[Catalina]]] org.apache.catalina.loader.WebappClassLoaderBase.clearReferencesThreads The web application [] appears to have started a thread named [DefaultQuartzScheduler_Worker-6] but has failed to stop it. This is very likely to create a memory leak. Stack trace of thread:
 java.lang.Object.wait(Native Method)
 org.quartz.simpl.SimpleThreadPool$WorkerThread.run(SimpleThreadPool.java:568)
07-Feb-2019 12:33:10.543 WARNING [ContainerBackgroundProcessor[StandardEngine[Catalina]]] org.apache.catalina.loader.WebappClassLoaderBase.clearReferencesThreads The web application [] appears to have started a thread named [DefaultQuartzScheduler_Worker-7] but has failed to stop it. This is very likely to create a memory leak. Stack trace of thread:
 java.lang.Object.wait(Native Method)
 org.quartz.simpl.SimpleThreadPool$WorkerThread.run(SimpleThreadPool.java:568)
07-Feb-2019 12:33:10.547 WARNING [ContainerBackgroundProcessor[StandardEngine[Catalina]]] org.apache.catalina.loader.WebappClassLoaderBase.clearReferencesThreads The web application [] appears to have started a thread named [DefaultQuartzScheduler_Worker-8] but has failed to stop it. This is very likely to create a memory leak. Stack trace of thread:
 java.lang.Object.wait(Native Method)
 org.quartz.simpl.SimpleThreadPool$WorkerThread.run(SimpleThreadPool.java:568)
07-Feb-2019 12:33:10.553 WARNING [ContainerBackgroundProcessor[StandardEngine[Catalina]]] org.apache.catalina.loader.WebappClassLoaderBase.clearReferencesThreads The web application [] appears to have started a thread named [DefaultQuartzScheduler_Worker-9] but has failed to stop it. This is very likely to create a memory leak. Stack trace of thread:
 java.lang.Object.wait(Native Method)
 org.quartz.simpl.SimpleThreadPool$WorkerThread.run(SimpleThreadPool.java:568)
07-Feb-2019 12:33:10.556 WARNING [ContainerBackgroundProcessor[StandardEngine[Catalina]]] org.apache.catalina.loader.WebappClassLoaderBase.clearReferencesThreads The web application [] appears to have started a thread named [DefaultQuartzScheduler_Worker-10] but has failed to stop it. This is very likely to create a memory leak. Stack trace of thread:
 java.lang.Object.wait(Native Method)
 org.quartz.simpl.SimpleThreadPool$WorkerThread.run(SimpleThreadPool.java:568)
07-Feb-2019 12:33:10.557 WARNING [ContainerBackgroundProcessor[StandardEngine[Catalina]]] org.apache.catalina.loader.WebappClassLoaderBase.clearReferencesThreads The web application [] appears to have started a thread named [DefaultQuartzScheduler_QuartzSchedulerThread] but has failed to stop it. This is very likely to create a memory leak. Stack trace of thread:
 java.lang.Object.wait(Native Method)
 org.quartz.core.QuartzSchedulerThread.run(QuartzSchedulerThread.java:410)
07-Feb-2019 12:33:10.579 INFO [localhost-startStop-2] org.apache.catalina.startup.HostConfig.deployDirectory Deploying web application directory /var/lib/tomcat8/webapps/ROOT
07-Feb-2019 12:33:11.346 INFO [localhost-startStop-2] org.apache.catalina.startup.HostConfig.deployDirectory Deployment of web application directory /var/lib/tomcat8/webapps/ROOT has finished in 767 ms
07-Feb-2019 12:35:21.388 INFO [ContainerBackgroundProcessor[StandardEngine[Catalina]]] org.apache.catalina.startup.HostConfig.undeploy Undeploying context []
07-Feb-2019 12:35:21.438 INFO [localhost-startStop-3] org.apache.catalina.startup.HostConfig.deployDirectory Deploying web application directory /var/lib/tomcat8/webapps/ROOT
07-Feb-2019 12:35:25.586 WARNING [localhost-startStop-3] org.apache.naming.NamingContext.lookup Unexpected exception resolving reference
 java.sql.SQLException: For input string: "@DB_PORT"
	at org.mariadb.jdbc.UrlParser.parseInternal(UrlParser.java:208)
	at org.mariadb.jdbc.UrlParser.parse(UrlParser.java:149)
	at org.mariadb.jdbc.Driver.connect(Driver.java:95)
	at org.apache.tomcat.jdbc.pool.PooledConnection.connectUsingDriver(PooledConnection.java:307)
	at org.apache.tomcat.jdbc.pool.PooledConnection.connect(PooledConnection.java:200)
	at org.apache.tomcat.jdbc.pool.ConnectionPool.createConnection(ConnectionPool.java:699)
	at org.apache.tomcat.jdbc.pool.ConnectionPool.borrowConnection(ConnectionPool.java:633)
	at org.apache.tomcat.jdbc.pool.ConnectionPool.init(ConnectionPool.java:484)
	at org.apache.tomcat.jdbc.pool.ConnectionPool.<init>(ConnectionPool.java:142)
	at org.apache.tomcat.jdbc.pool.DataSourceProxy.pCreatePool(DataSourceProxy.java:115)
	at org.apache.tomcat.jdbc.pool.DataSourceProxy.createPool(DataSourceProxy.java:102)
	at org.apache.tomcat.jdbc.pool.DataSourceFactory.createDataSource(DataSourceFactory.java:553)
	at org.apache.tomcat.jdbc.pool.DataSourceFactory.getObjectInstance(DataSourceFactory.java:241)
	at org.apache.naming.factory.FactoryBase.getObjectInstance(FactoryBase.java:94)
	at javax.naming.spi.NamingManager.getObjectInstance(NamingManager.java:321)
	at org.apache.naming.NamingContext.lookup(NamingContext.java:841)
	at org.apache.naming.NamingContext.lookup(NamingContext.java:152)
	at org.apache.naming.NamingContext.lookup(NamingContext.java:829)
	at org.apache.naming.NamingContext.lookup(NamingContext.java:166)
	at org.apache.catalina.core.NamingContextListener.addResource(NamingContextListener.java:1091)
	at org.apache.catalina.core.NamingContextListener.createNamingContext(NamingContextListener.java:670)
	at org.apache.catalina.core.NamingContextListener.lifecycleEvent(NamingContextListener.java:258)
	at org.apache.catalina.util.LifecycleSupport.fireLifecycleEvent(LifecycleSupport.java:117)
	at org.apache.catalina.util.LifecycleBase.fireLifecycleEvent(LifecycleBase.java:90)
	at org.apache.catalina.core.StandardContext.startInternal(StandardContext.java:5164)
	at org.apache.catalina.util.LifecycleBase.start(LifecycleBase.java:150)
	at org.apache.catalina.core.ContainerBase.addChildInternal(ContainerBase.java:724)
	at org.apache.catalina.core.ContainerBase.addChild(ContainerBase.java:700)
	at org.apache.catalina.core.StandardHost.addChild(StandardHost.java:714)
	at org.apache.catalina.startup.HostConfig.deployDirectory(HostConfig.java:1071)
	at org.apache.catalina.startup.HostConfig$DeployDirectory.run(HostConfig.java:1721)
	at java.util.concurrent.Executors$RunnableAdapter.call(Executors.java:511)
	at java.util.concurrent.FutureTask.run(FutureTask.java:266)
	at java.util.concurrent.ThreadPoolExecutor.runWorker(ThreadPoolExecutor.java:1149)
	at java.util.concurrent.ThreadPoolExecutor$Worker.run(ThreadPoolExecutor.java:624)
	at java.lang.Thread.run(Thread.java:748)

07-Feb-2019 12:35:25.593 WARNING [localhost-startStop-3] org.apache.catalina.core.NamingContextListener.addResource Failed to register in JMX: javax.naming.NamingException: For input string: "@DB_PORT"
07-Feb-2019 12:35:30.175 INFO [localhost-startStop-3] org.apache.catalina.startup.HostConfig.deployDirectory Deployment of web application directory /var/lib/tomcat8/webapps/ROOT has finished in 8,737 ms
07-Feb-2019 12:40:00.023 WARNING [DefaultQuartzScheduler_Worker-1] org.apache.naming.NamingContext.lookup Unexpected exception resolving reference
 java.sql.SQLException: For input string: "@DB_PORT"
	at org.mariadb.jdbc.UrlParser.parseInternal(UrlParser.java:208)
	at org.mariadb.jdbc.UrlParser.parse(UrlParser.java:149)
	at org.mariadb.jdbc.Driver.connect(Driver.java:95)
	at org.apache.tomcat.jdbc.pool.PooledConnection.connectUsingDriver(PooledConnection.java:307)
	at org.apache.tomcat.jdbc.pool.PooledConnection.connect(PooledConnection.java:200)
	at org.apache.tomcat.jdbc.pool.ConnectionPool.createConnection(ConnectionPool.java:699)
	at org.apache.tomcat.jdbc.pool.ConnectionPool.borrowConnection(ConnectionPool.java:633)
	at org.apache.tomcat.jdbc.pool.ConnectionPool.init(ConnectionPool.java:484)
	at org.apache.tomcat.jdbc.pool.ConnectionPool.<init>(ConnectionPool.java:142)
	at org.apache.tomcat.jdbc.pool.DataSourceProxy.pCreatePool(DataSourceProxy.java:115)
	at org.apache.tomcat.jdbc.pool.DataSourceProxy.createPool(DataSourceProxy.java:102)
	at org.apache.tomcat.jdbc.pool.DataSourceFactory.createDataSource(DataSourceFactory.java:553)
	at org.apache.tomcat.jdbc.pool.DataSourceFactory.getObjectInstance(DataSourceFactory.java:241)
	at org.apache.naming.factory.FactoryBase.getObjectInstance(FactoryBase.java:94)
	at javax.naming.spi.NamingManager.getObjectInstance(NamingManager.java:321)
	at org.apache.naming.NamingContext.lookup(NamingContext.java:841)
	at org.apache.naming.NamingContext.lookup(NamingContext.java:152)
	at org.apache.naming.NamingContext.lookup(NamingContext.java:829)
	at org.apache.naming.NamingContext.lookup(NamingContext.java:166)
	at fr.gouv.motivaction.utils.DatabaseManager.getConnection(DatabaseManager.java:37)
	at fr.gouv.motivaction.job.MergeDoubleAccount.mergeDoubleAccounts(MergeDoubleAccount.java:52)
	at fr.gouv.motivaction.job.MergeDoubleAccount.execute(MergeDoubleAccount.java:30)
	at org.quartz.core.JobRunShell.run(JobRunShell.java:202)
	at org.quartz.simpl.SimpleThreadPool$WorkerThread.run(SimpleThreadPool.java:573)

07-Feb-2019 13:00:00.109 WARNING [DefaultQuartzScheduler_Worker-2] org.apache.naming.NamingContext.lookup Unexpected exception resolving reference
 java.sql.SQLException: For input string: "@DB_PORT"
	at org.mariadb.jdbc.UrlParser.parseInternal(UrlParser.java:208)
	at org.mariadb.jdbc.UrlParser.parse(UrlParser.java:149)
	at org.mariadb.jdbc.Driver.connect(Driver.java:95)
	at org.apache.tomcat.jdbc.pool.PooledConnection.connectUsingDriver(PooledConnection.java:307)
	at org.apache.tomcat.jdbc.pool.PooledConnection.connect(PooledConnection.java:200)
	at org.apache.tomcat.jdbc.pool.ConnectionPool.createConnection(ConnectionPool.java:699)
	at org.apache.tomcat.jdbc.pool.ConnectionPool.borrowConnection(ConnectionPool.java:633)
	at org.apache.tomcat.jdbc.pool.ConnectionPool.init(ConnectionPool.java:484)
	at org.apache.tomcat.jdbc.pool.ConnectionPool.<init>(ConnectionPool.java:142)
	at org.apache.tomcat.jdbc.pool.DataSourceProxy.pCreatePool(DataSourceProxy.java:115)
	at org.apache.tomcat.jdbc.pool.DataSourceProxy.createPool(DataSourceProxy.java:102)
	at org.apache.tomcat.jdbc.pool.DataSourceFactory.createDataSource(DataSourceFactory.java:553)
	at org.apache.tomcat.jdbc.pool.DataSourceFactory.getObjectInstance(DataSourceFactory.java:241)
	at org.apache.naming.factory.FactoryBase.getObjectInstance(FactoryBase.java:94)
	at javax.naming.spi.NamingManager.getObjectInstance(NamingManager.java:321)
	at org.apache.naming.NamingContext.lookup(NamingContext.java:841)
	at org.apache.naming.NamingContext.lookup(NamingContext.java:152)
	at org.apache.naming.NamingContext.lookup(NamingContext.java:829)
	at org.apache.naming.NamingContext.lookup(NamingContext.java:166)
	at fr.gouv.motivaction.utils.DatabaseManager.getConnection(DatabaseManager.java:37)
	at fr.gouv.motivaction.job.MergeDoubleAccount.mergeDoubleAccounts(MergeDoubleAccount.java:52)
	at fr.gouv.motivaction.job.MergeDoubleAccount.execute(MergeDoubleAccount.java:30)
	at org.quartz.core.JobRunShell.run(JobRunShell.java:202)
	at org.quartz.simpl.SimpleThreadPool$WorkerThread.run(SimpleThreadPool.java:573)

07-Feb-2019 13:00:03.166 WARNING [DefaultQuartzScheduler_Worker-3] org.apache.naming.NamingContext.lookup Unexpected exception resolving reference
 java.sql.SQLException: For input string: "@DB_PORT"
	at org.mariadb.jdbc.UrlParser.parseInternal(UrlParser.java:208)
	at org.mariadb.jdbc.UrlParser.parse(UrlParser.java:149)
	at org.mariadb.jdbc.Driver.connect(Driver.java:95)
	at org.apache.tomcat.jdbc.pool.PooledConnection.connectUsingDriver(PooledConnection.java:307)
	at org.apache.tomcat.jdbc.pool.PooledConnection.connect(PooledConnection.java:200)
	at org.apache.tomcat.jdbc.pool.ConnectionPool.createConnection(ConnectionPool.java:699)
	at org.apache.tomcat.jdbc.pool.ConnectionPool.borrowConnection(ConnectionPool.java:633)
	at org.apache.tomcat.jdbc.pool.ConnectionPool.init(ConnectionPool.java:484)
	at org.apache.tomcat.jdbc.pool.ConnectionPool.<init>(ConnectionPool.java:142)
	at org.apache.tomcat.jdbc.pool.DataSourceProxy.pCreatePool(DataSourceProxy.java:115)
	at org.apache.tomcat.jdbc.pool.DataSourceProxy.createPool(DataSourceProxy.java:102)
	at org.apache.tomcat.jdbc.pool.DataSourceFactory.createDataSource(DataSourceFactory.java:553)
	at org.apache.tomcat.jdbc.pool.DataSourceFactory.getObjectInstance(DataSourceFactory.java:241)
	at org.apache.naming.factory.FactoryBase.getObjectInstance(FactoryBase.java:94)
	at javax.naming.spi.NamingManager.getObjectInstance(NamingManager.java:321)
	at org.apache.naming.NamingContext.lookup(NamingContext.java:841)
	at org.apache.naming.NamingContext.lookup(NamingContext.java:152)
	at org.apache.naming.NamingContext.lookup(NamingContext.java:829)
	at org.apache.naming.NamingContext.lookup(NamingContext.java:166)
	at fr.gouv.motivaction.utils.DatabaseManager.getConnection(DatabaseManager.java:37)
	at fr.gouv.motivaction.mails.InterviewPrepReminder.buildAndSendInterviewPrepReminder(InterviewPrepReminder.java:62)
	at fr.gouv.motivaction.mails.InterviewPrepReminder.execute(InterviewPrepReminder.java:34)
	at org.quartz.core.JobRunShell.run(JobRunShell.java:202)
	at org.quartz.simpl.SimpleThreadPool$WorkerThread.run(SimpleThreadPool.java:573)

07-Feb-2019 13:20:00.212 WARNING [DefaultQuartzScheduler_Worker-4] org.apache.naming.NamingContext.lookup Unexpected exception resolving reference
 java.sql.SQLException: For input string: "@DB_PORT"
	at org.mariadb.jdbc.UrlParser.parseInternal(UrlParser.java:208)
	at org.mariadb.jdbc.UrlParser.parse(UrlParser.java:149)
	at org.mariadb.jdbc.Driver.connect(Driver.java:95)
	at org.apache.tomcat.jdbc.pool.PooledConnection.connectUsingDriver(PooledConnection.java:307)
	at org.apache.tomcat.jdbc.pool.PooledConnection.connect(PooledConnection.java:200)
	at org.apache.tomcat.jdbc.pool.ConnectionPool.createConnection(ConnectionPool.java:699)
	at org.apache.tomcat.jdbc.pool.ConnectionPool.borrowConnection(ConnectionPool.java:633)
	at org.apache.tomcat.jdbc.pool.ConnectionPool.init(ConnectionPool.java:484)
	at org.apache.tomcat.jdbc.pool.ConnectionPool.<init>(ConnectionPool.java:142)
	at org.apache.tomcat.jdbc.pool.DataSourceProxy.pCreatePool(DataSourceProxy.java:115)
	at org.apache.tomcat.jdbc.pool.DataSourceProxy.createPool(DataSourceProxy.java:102)
	at org.apache.tomcat.jdbc.pool.DataSourceFactory.createDataSource(DataSourceFactory.java:553)
	at org.apache.tomcat.jdbc.pool.DataSourceFactory.getObjectInstance(DataSourceFactory.java:241)
	at org.apache.naming.factory.FactoryBase.getObjectInstance(FactoryBase.java:94)
	at javax.naming.spi.NamingManager.getObjectInstance(NamingManager.java:321)
	at org.apache.naming.NamingContext.lookup(NamingContext.java:841)
	at org.apache.naming.NamingContext.lookup(NamingContext.java:152)
	at org.apache.naming.NamingContext.lookup(NamingContext.java:829)
	at org.apache.naming.NamingContext.lookup(NamingContext.java:166)
	at fr.gouv.motivaction.utils.DatabaseManager.getConnection(DatabaseManager.java:37)
	at fr.gouv.motivaction.job.MergeDoubleAccount.mergeDoubleAccounts(MergeDoubleAccount.java:52)
	at fr.gouv.motivaction.job.MergeDoubleAccount.execute(MergeDoubleAccount.java:30)
	at org.quartz.core.JobRunShell.run(JobRunShell.java:202)
	at org.quartz.simpl.SimpleThreadPool$WorkerThread.run(SimpleThreadPool.java:573)

07-Feb-2019 13:31:21.886 INFO [main] org.apache.catalina.startup.VersionLoggerListener.log Server version: Apache Tomcat/8.0.14 (Debian)
07-Feb-2019 13:31:21.896 INFO [main] org.apache.catalina.startup.VersionLoggerListener.log Server built:   Oct 15 2018 03:14:37
07-Feb-2019 13:31:21.898 INFO [main] org.apache.catalina.startup.VersionLoggerListener.log Server number:  8.0.14.0
07-Feb-2019 13:31:21.899 INFO [main] org.apache.catalina.startup.VersionLoggerListener.log OS Name:        Linux
07-Feb-2019 13:31:21.901 INFO [main] org.apache.catalina.startup.VersionLoggerListener.log OS Version:     4.4.0-141-generic
07-Feb-2019 13:31:21.902 INFO [main] org.apache.catalina.startup.VersionLoggerListener.log Architecture:   amd64
07-Feb-2019 13:31:21.903 INFO [main] org.apache.catalina.startup.VersionLoggerListener.log JVM Version:    1.8.0_171-8u171-b11-1~bpo8+1-b11
07-Feb-2019 13:31:21.905 INFO [main] org.apache.catalina.startup.VersionLoggerListener.log JVM Vendor:     Oracle Corporation
07-Feb-2019 13:31:23.218 INFO [main] org.apache.coyote.AbstractProtocol.init Initializing ProtocolHandler ["http-nio-8080"]
07-Feb-2019 13:31:23.350 INFO [main] org.apache.tomcat.util.net.NioSelectorPool.getSharedSelector Using a shared selector for servlet write/read
07-Feb-2019 13:31:23.368 INFO [main] org.apache.catalina.startup.Catalina.load Initialization processed in 1666 ms
07-Feb-2019 13:31:23.470 INFO [main] org.apache.catalina.core.StandardService.startInternal Starting service Catalina
07-Feb-2019 13:31:23.471 INFO [main] org.apache.catalina.core.StandardEngine.startInternal Starting Servlet Engine: Apache Tomcat/8.0.14 (Debian)
07-Feb-2019 13:31:23.521 INFO [localhost-startStop-1] org.apache.catalina.startup.HostConfig.deployDirectory Deploying web application directory /var/lib/tomcat8/webapps/ROOT
07-Feb-2019 13:31:33.513 INFO [localhost-startStop-1] org.apache.catalina.startup.HostConfig.deployDirectory Deployment of web application directory /var/lib/tomcat8/webapps/ROOT has finished in 9,991 ms
07-Feb-2019 13:31:33.515 INFO [localhost-startStop-1] org.apache.catalina.startup.HostConfig.deployDirectory Deploying web application directory /var/lib/tomcat8/webapps/old_ROOT
07-Feb-2019 13:31:33.907 INFO [localhost-startStop-1] org.apache.jasper.servlet.TldScanner.scanJars At least one JAR was scanned for TLDs yet contained no TLDs. Enable debug logging for this logger for a complete list of JARs that were scanned but no TLDs were found in them. Skipping unneeded JARs during scanning can improve startup time and JSP compilation time.
07-Feb-2019 13:31:33.911 INFO [localhost-startStop-1] org.apache.catalina.startup.HostConfig.deployDirectory Deployment of web application directory /var/lib/tomcat8/webapps/old_ROOT has finished in 396 ms
07-Feb-2019 13:31:33.929 INFO [main] org.apache.coyote.AbstractProtocol.start Starting ProtocolHandler ["http-nio-8080"]
07-Feb-2019 13:31:33.944 INFO [main] org.apache.catalina.startup.Catalina.start Server startup in 10574 ms
